

> @univerjs/sheets-note@0.12.4 build /home/bappu/websitenew/web/univer/packages/sheets-note
> univer-cli build

[1G[0K[32m
Vite@7.2.6 vite-plugin-external@6.2.2[39m
[36mvite v7.2.6 [32mbuilding client environment for production...[36m[39m











[1;1H[0J[36mvite v7.2.6 [32mbuilding client environment for production...[36m[39m [33m(x2)[39m











[1;1H[0J[36mvite v7.2.6 [32mbuilding client environment for production...[36m[39m [33m(x3)[39m











[1;1H[0J[36mvite v7.2.6 [32mbuilding client environment for production...[36m[39m [33m(x4)[39m











[1;1H[0J[36mvite v7.2.6 [32mbuilding client environment for production...[36m[39m [33m(x5)[39m











[1;1H[0J[36mvite v7.2.6 [32mbuilding client environment for production...[36m[39m [33m(x6)[39m
[2K[1Gtransforming (1) [2msrc/index.ts[22m[2K[1Gtransforming (1) [2msrc/facade/index.ts[22m[2K[1Gtransforming (1) [2msrc/facade/index.ts[22m[2K[1Gtransforming (1) [2msrc/index.ts[22m[2K[1Gtransforming (1) [2msrc/index.ts[22m[2K[1Gtransforming (1) [2msrc/facade/index.ts[22m[2K[1G[32m✓[39m 5 modules transformed.
[2K[1G










[1;1H[0J[32m✓[39m 5 modules transformed. [33m(x2)[39m
[2K[1G










[1;1H[0J[32m✓[39m 5 modules transformed. [33m(x3)[39m
[2K[1Grendering chunks (1)...[2K[1Grendering chunks (1)...[2K[1G[2K[1G[2K[1Grendering chunks (1)...[2K[1G[2K[1Gtransforming (7) [2msrc/controllers/config.schema.ts[22m[2K[1Gtransforming (7) [2msrc/controllers/config.schema.ts[22m[2K[1Gtransforming (7) [2msrc/const.ts[22m[32m
[36m[vite:dts][32m Start generate declaration files...[39m
[2K[1Gcomputing gzip size (0)...[2K[1Gcomputing gzip size (0)...[2K[1Gcomputing gzip size (0)...[2K[1Gtransforming (10) [2msrc/controllers/sheets-note-ref-range.controller.ts[22m[2K[1Gtransforming (10) [2msrc/controllers/sheets-note-ref-range.controller.ts[22m[2K[1Gtransforming (10) [2msrc/controllers/sheets-note-ref-range.controller.ts[22m[2K[1Gcomputing gzip size (1)...[2K[1G[2mlib/[22m[36mcjs/facade.js  [39m[1m[2m5.93 kB[22m[1m[22m[2m │ gzip: 1.11 kB[22m
[2K[1Gcomputing gzip size (1)...[2K[1G[2mlib/[22m[36mumd/facade.js  [39m[1m[2m6.29 kB[22m[1m[22m[2m │ gzip: 1.25 kB[22m
[32m✓ built in 16.81s[39m
[2K[1Gcomputing gzip size (1)...[2K[1G[2mlib/[22m[36mes/facade.js  [39m[1m[2m8.51 kB[22m[1m[22m[2m │ gzip: 1.29 kB[22m
[32m✓ built in 16.81s[39m
[2K[1G[32m✓[39m 10 modules transformed.
[2K[1G










[1;1H[0J[32m✓[39m 10 modules transformed. [33m(x2)[39m
[2K[1G










[1;1H[0J[32m✓[39m 10 modules transformed. [33m(x3)[39m
[32m[36m[vite:dts][32m Declaration files built in 16631ms.
[39m
[32m✓ built in 17.01s[39m
[2K[1Grendering chunks (1)...[2K[1G[2K[1Grendering chunks (1)...[2K[1G[2K[1Grendering chunks (1)...[2K[1G[2K[1Gcomputing gzip size (0)...[2K[1Gcomputing gzip size (0)...[2K[1Gcomputing gzip size (0)...[2K[1Gcomputing gzip size (1)...[2K[1G[2mlib/[22m[36mcjs/index.js  [39m[1m[2m10.94 kB[22m[1m[22m[2m │ gzip: 3.13 kB[22m
[32m✓ built in 17.02s[39m
[2K[1Gcomputing gzip size (1)...[2K[1G[2mlib/[22m[36mumd/index.js  [39m[1m[2m11.12 kB[22m[1m[22m[2m │ gzip: 3.28 kB[22m
[32m✓ built in 17.03s[39m
[2K[1Gcomputing gzip size (1)...[2K[1G[2mlib/[22m[36mes/index.js  [39m[1m[2m15.60 kB[22m[1m[22m[2m │ gzip: 3.80 kB[22m
[32m✓ built in 17.03s[39m
[1G[0K⠙[1G[0K
