

> @univerjs/uni-formula@0.0.0 build /home/bappu/websitenew/web/univer/packages-experimental/uni-formula
> univer-cli build

[1G[0K⠙[1G[0K[32m
Vite@7.2.6 vite-plugin-external@6.2.2[39m
[36mvite v7.2.6 [32mbuilding client environment for production...[36m[39m











[1;1H[0J[36mvite v7.2.6 [32mbuilding client environment for production...[36m[39m [33m(x2)[39m











[1;1H[0J[36mvite v7.2.6 [32mbuilding client environment for production...[36m[39m [33m(x3)[39m
[2K[1Gtransforming (1) [2msrc/index.ts[22m[2K[1Gtransforming (1) [2msrc/index.ts[22m[2K[1Gtransforming (1) [2msrc/index.ts[22m[2K[1Gtransforming (5) [2msrc/commands/mutations/doc-formula.mutation.ts[22m[2K[1Gtransforming (5) [2msrc/commands/mutations/doc-formula.mutation.ts[22m[2K[1Gtransforming (6) [2msrc/controller/uni-formula.controller.ts[22m[2K[1G[32m✓[39m 7 modules transformed.
[2K[1G










[1;1H[0J[32m✓[39m 7 modules transformed. [33m(x2)[39m
[2K[1G










[1;1H[0J[32m✓[39m 7 modules transformed. [33m(x3)[39m
[2K[1Grendering chunks (1)...[2K[1Grendering chunks (1)...[2K[1G[2K[1G[2K[1Grendering chunks (1)...[2K[1G[32m
[36m[vite:dts][32m Start generate declaration files...[39m
[2K[1Gcomputing gzip size (0)...[2K[1Gcomputing gzip size (0)...[2K[1Gcomputing gzip size (0)...[2K[1Gcomputing gzip size (1)...[2K[1G[2mlib/[22m[36mumd/index.js  [39m[1m[2m5.12 kB[22m[1m[22m[2m │ gzip: 1.86 kB[22m
[2K[1Gcomputing gzip size (1)...[2K[1G[2mlib/[22m[36mes/index.js  [39m[1m[2m6.25 kB[22m[1m[22m[2m │ gzip: 2.08 kB[22m
[32m✓ built in 7.41s[39m
[2K[1Gcomputing gzip size (1)...[2K[1G[2mlib/[22m[36mcjs/index.js  [39m[1m[2m4.94 kB[22m[1m[22m[2m │ gzip: 1.75 kB[22m
[32m✓ built in 7.42s[39m
[32m[36m[vite:dts][32m Declaration files built in 6926ms.
[39m
[32m✓ built in 7.42s[39m
[1G[0K⠙[1G[0K
