

> @univerjs/network@0.12.4 build /home/bappu/websitenew/web/univer/packages/network
> univer-cli build

[1G[0K⠙[1G[0K[32m
Vite@7.2.6 vite-plugin-external@6.2.2[39m
[36mvite v7.2.6 [32mbuilding client environment for production...[36m[39m











[1;1H[0J[36mvite v7.2.6 [32mbuilding client environment for production...[36m[39m [33m(x2)[39m











[1;1H[0J[36mvite v7.2.6 [32mbuilding client environment for production...[36m[39m [33m(x3)[39m











[1;1H[0J[36mvite v7.2.6 [32mbuilding client environment for production...[36m[39m [33m(x4)[39m











[1;1H[0J[36mvite v7.2.6 [32mbuilding client environment for production...[36m[39m [33m(x5)[39m











[1;1H[0J[36mvite v7.2.6 [32mbuilding client environment for production...[36m[39m [33m(x6)[39m
[2K[1Gtransforming (1) [2msrc/facade/index.ts[22m[2K[1Gtransforming (1) [2msrc/facade/index.ts[22m[2K[1Gtransforming (1) [2msrc/index.ts[22m[2K[1Gtransforming (1) [2msrc/index.ts[22m[2K[1Gtransforming (1) [2msrc/facade/index.ts[22m[2K[1Gtransforming (1) [2msrc/index.ts[22m[2K[1Gtransforming (2) [2msrc/facade/f-univer.ts[22m[2K[1Gtransforming (2) [2msrc/facade/f-univer.ts[22m[2K[1Gtransforming (2) [2msrc/plugin.ts[22m[2K[1Gtransforming (2) [2msrc/plugin.ts[22m[2K[1Gtransforming (2) [2msrc/facade/f-univer.ts[22m[2K[1Gtransforming (2) [2msrc/plugin.ts[22m[2K[1G[32m✓[39m 3 modules transformed.
[2K[1G










[1;1H[0J[32m✓[39m 3 modules transformed. [33m(x2)[39m
[2K[1G










[1;1H[0J[32m✓[39m 3 modules transformed. [33m(x3)[39m
[2K[1Grendering chunks (1)...[2K[1Gtransforming (11) [2msrc/services/http/interceptors/threshold-interceptor.ts[22m[2K[1Gtransforming (10) [2msrc/services/http/implementations/implementation.ts[22m[2K[1G[2K[1Grendering chunks (1)...[2K[1Grendering chunks (1)...[2K[1Gtransforming (3) [2msrc/services/http/implementations/implementation.ts[22m[2K[1G[2K[1G[32m
[36m[vite:dts][32m Start generate declaration files...[39m
[2K[1Gcomputing gzip size (0)...[2K[1Gcomputing gzip size (0)...[2K[1Gtransforming (16) [2msrc/controllers/config.schema.ts[22m[2K[1Gtransforming (16) [2msrc/controllers/config.schema.ts[22m[2K[1Gtransforming (16) [2msrc/services/http/params.ts[22m[2K[1Gcomputing gzip size (0)...[2K[1Gcomputing gzip size (1)...[2K[1G[2mlib/[22m[36mes/facade.js  [39m[1m[2m2.82 kB[22m[1m[22m[2m │ gzip: 0.88 kB[22m
[2K[1G[32m✓[39m 18 modules transformed.
[2K[1G










[1;1H[0J[32m✓[39m 18 modules transformed. [33m(x2)[39m
[2K[1Gcomputing gzip size (1)...[2K[1G[2mlib/[22m[36mumd/facade.js  [39m[1m[2m1.27 kB[22m[1m[22m[2m │ gzip: 0.59 kB[22m
[32m✓ built in 9.03s[39m
[2K[1Gtransforming (17) [2msrc/services/http/implementations/util.ts[22m[2K[1Grendering chunks (1)...[2K[1G[2K[1Gcomputing gzip size (1)...[2K[1G[2mlib/[22m[36mcjs/facade.js  [39m[1m[2m0.98 kB[22m[1m[22m[2m │ gzip: 0.47 kB[22m
[32m✓ built in 9.04s[39m
[2K[1G[32m✓[39m 18 modules transformed.
[2K[1Grendering chunks (1)...[2K[1G[32m[36m[vite:dts][32m Declaration files built in 8548ms.
[39m
[32m✓ built in 9.12s[39m
[2K[1Gcomputing gzip size (0)...[2K[1Gcomputing gzip size (0)...[2K[1Gcomputing gzip size (1)...[2K[1G[2mlib/[22m[36mcjs/index.js  [39m[1m[2m16.53 kB[22m[1m[22m[2m │ gzip: 5.79 kB[22m
[32m✓ built in 9.12s[39m
[2K[1Gcomputing gzip size (1)...[2K[1G[2mlib/[22m[36mes/index.js  [39m[1m[2m23.30 kB[22m[1m[22m[2m │ gzip: 7.00 kB[22m
[32m✓ built in 9.12s[39m
[2K[1Grendering chunks (1)...[2K[1G[2K[1Gcomputing gzip size (0)...[2K[1Gcomputing gzip size (1)...[2K[1G[2mlib/[22m[36mumd/index.js  [39m[1m[2m16.63 kB[22m[1m[22m[2m │ gzip: 5.90 kB[22m
[32m✓ built in 9.13s[39m
[1G[0K⠙[1G[0K
