

> @univerjs/sheets-hyper-link@0.12.4 build /home/bappu/websitenew/web/univer/packages/sheets-hyper-link
> univer-cli build

[1G[0K⠙[1G[0K[32m
Vite@7.2.6 vite-plugin-external@6.2.2[39m
[36mvite v7.2.6 [32mbuilding client environment for production...[36m[39m











[1;1H[0J[36mvite v7.2.6 [32mbuilding client environment for production...[36m[39m [33m(x2)[39m











[1;1H[0J[36mvite v7.2.6 [32mbuilding client environment for production...[36m[39m [33m(x3)[39m











[1;1H[0J[36mvite v7.2.6 [32mbuilding client environment for production...[36m[39m [33m(x4)[39m











[1;1H[0J[36mvite v7.2.6 [32mbuilding client environment for production...[36m[39m [33m(x5)[39m











[1;1H[0J[36mvite v7.2.6 [32mbuilding client environment for production...[36m[39m [33m(x6)[39m
[2K[1Gtransforming (1) [2msrc/facade/index.ts[22m[2K[1Gtransforming (1) [2msrc/index.ts[22m[2K[1Gtransforming (1) [2msrc/index.ts[22m[2K[1Gtransforming (1) [2msrc/facade/index.ts[22m[2K[1Gtransforming (1) [2msrc/index.ts[22m[2K[1Gtransforming (1) [2msrc/facade/index.ts[22m[2K[1G[32m✓[39m 6 modules transformed.
[2K[1Gtransforming (2) [2msrc/plugin.ts[22m[2K[1Gtransforming (2) [2msrc/plugin.ts[22m[2K[1Gtransforming (2) [2msrc/facade/f-workbook.ts[22m[2K[1Gtransforming (2) [2msrc/plugin.ts[22m[2K[1Gtransforming (2) [2msrc/facade/f-worksheet.ts[22m[2K[1G










[1;1H[0J[32m✓[39m 6 modules transformed. [33m(x2)[39m
[2K[1Grendering chunks (1)...[2K[1G[2K[1G










[1;1H[0J[32m✓[39m 6 modules transformed. [33m(x3)[39m
[2K[1Grendering chunks (1)...[2K[1Grendering chunks (1)...[2K[1Gtransforming (12) [2msrc/commands/commands/update-hyper-link.command.ts[22m[2K[1Gtransforming (12) [2msrc/commands/mutations/update-hyper-link.mutation.ts[22m[2K[1G[2K[1G[32m
[36m[vite:dts][32m Start generate declaration files...[39m
[2K[1Gcomputing gzip size (0)...[2K[1Gtransforming (13) [2msrc/controllers/config.schema.ts[22m[2K[1Gtransforming (17) [2msrc/controllers/remove-sheet.controller.ts[22m[2K[1Gtransforming (16) [2msrc/controllers/rich-text-ref-range.controller.ts[22m[2K[1Gcomputing gzip size (1)...[2K[1G[2mlib/[22m[36mumd/facade.js  [39m[1m[2m4.54 kB[22m[1m[22m[2m │ gzip: 1.43 kB[22m
[2K[1Gcomputing gzip size (0)...[2K[1Gcomputing gzip size (0)...[2K[1G[32m✓[39m 19 modules transformed.
[2K[1G










[1;1H[0J[32m✓[39m 19 modules transformed. [33m(x2)[39m
[2K[1G










[1;1H[0J[32m✓[39m 19 modules transformed. [33m(x3)[39m
[2K[1Grendering chunks (1)...[2K[1G[2K[1Gcomputing gzip size (1)...[2K[1G[2mlib/[22m[36mes/facade.js  [39m[1m[2m5.42 kB[22m[1m[22m[2m │ gzip: 1.56 kB[22m
[32m✓ built in 18.36s[39m
[2K[1Gcomputing gzip size (1)...[2K[1G[2mlib/[22m[36mcjs/facade.js  [39m[1m[2m4.15 kB[22m[1m[22m[2m │ gzip: 1.29 kB[22m
[32m✓ built in 18.36s[39m
[2K[1Grendering chunks (1)...[2K[1G[32m[36m[vite:dts][32m Declaration files built in 17847ms.
[39m
[32m✓ built in 18.36s[39m
[2K[1Grendering chunks (1)...[2K[1G[2K[1Gcomputing gzip size (0)...[2K[1Gcomputing gzip size (0)...[2K[1Gcomputing gzip size (0)...[2K[1Gcomputing gzip size (1)...[2K[1G[2mlib/[22m[36mcjs/index.js  [39m[1m[2m28.75 kB[22m[1m[22m[2m │ gzip: 7.51 kB[22m
[32m✓ built in 18.37s[39m
[2K[1Gcomputing gzip size (1)...[2K[1G[2mlib/[22m[36mes/index.js  [39m[1m[2m40.74 kB[22m[1m[22m[2m │ gzip: 9.10 kB[22m
[32m✓ built in 18.37s[39m
[2K[1Gcomputing gzip size (1)...[2K[1G[2mlib/[22m[36mumd/index.js  [39m[1m[2m28.92 kB[22m[1m[22m[2m │ gzip: 7.67 kB[22m
[32m✓ built in 18.38s[39m
[1G[0K⠙[1G[0K
