

> @univerjs/docs-thread-comment-ui@0.12.4 build /home/bappu/websitenew/web/univer/packages/docs-thread-comment-ui
> univer-cli build

[1G[0K⠙[1G[0K[32m
Vite@7.2.6 vite-plugin-external@6.2.2[39m
[36mvite v7.2.6 [32mbuilding client environment for production...[36m[39m











[1;1H[0J[36mvite v7.2.6 [32mbuilding client environment for production...[36m[39m [33m(x2)[39m











[1;1H[0J[36mvite v7.2.6 [32mbuilding client environment for production...[36m[39m [33m(x3)[39m
[2K[1Gtransforming (1) [2msrc/index.ts[22m[2K[1Gtransforming (1) [2msrc/index.ts[22m[2K[1Gtransforming (1) [2msrc/index.ts[22m[baseline-browser-mapping] The data in this module is over two months old.  To ensure accurate Baseline data, please update: `npm i baseline-browser-mapping@latest -D`
[baseline-browser-mapping] The data in this module is over two months old.  To ensure accurate Baseline data, please update: `npm i baseline-browser-mapping@latest -D`
Browserslist: browsers data (caniuse-lite) is 6 months old. Please run:
  npx update-browserslist-db@latest
  Why you should do it regularly: https://github.com/browserslist/update-db#readme
[2K[1Gtransforming (3) [2msrc/commands/commands/delete-doc-comment.command.ts[22m[2K[1Gtransforming (6) [2msrc/controllers/config.schema.ts[22m[2K[1Gtransforming (6) [2msrc/common/const.ts[22m[2K[1Gtransforming (6) [2msrc/common/const.ts[22m
[1m[33mwarn[39m[22m - No utility classes were detected in your source files. If this is unexpected, double-check the `content` option in your Tailwind CSS configuration.
[1m[33mwarn[39m[22m - https://tailwindcss.com/docs/content-configuration
[2K[1Gtransforming (14) [2m../../node_modules/.pnpm/@univerjs+icons@1.0.2_react-dom@19.[2K[1Gtransforming (14) [2m../../node_modules/.pnpm/@univerjs+icons@1.0.2_react-dom@19.[2K[1Gtransforming (13) [2m../../node_modules/.pnpm/@univerjs+icons@1.0.2_react-dom@19.[2K[1Gtransforming (16) [2msrc/controllers/menu.ts[22m[2K[1Gtransforming (16) [2msrc/controllers/menu.ts[22m[2K[1Gtransforming (16) [2m../../node_modules/.pnpm/@univerjs+icons@1.0.2_react-dom@19.[2K[1Gtransforming (305) [2msrc/controllers/menu.ts[22m[2K[1Gtransforming (306) [2m../../node_modules/.pnpm/@univerjs+icons@1.0.2_react-dom@19[2K[1Gtransforming (306) [2m../../node_modules/.pnpm/@univerjs+icons@1.0.2_react-dom@19[2K[1G[2K[1G[2K[1G[32m✓[39m 306 modules transformed.
[2K[1G[2K[1G[2K[1G










[1;1H[0J[32m✓[39m 306 modules transformed. [33m(x2)[39m
[2K[1G[2K[1G[2K[1G










[1;1H[0J[32m✓[39m 306 modules transformed. [33m(x3)[39m
[2K[1Grendering chunks (1)...[2K[1Grendering chunks (1)...[2K[1G[2K[1G[2K[1Grendering chunks (1)...[2K[1G[32m
[36m[vite:dts][32m Start generate declaration files...[39m
[2K[1Gcomputing gzip size (0)...[2K[1Gcomputing gzip size (0)...[2K[1Gcomputing gzip size (1)...[2K[1Gcomputing gzip size (2)...[2K[1G[2mlib/[22m[35mindex.css    [39m[1m[2m 0.00 kB[22m[1m[22m[2m │ gzip: 0.02 kB[22m
[2mlib/[22m[36mes/index.js  [39m[1m[2m22.95 kB[22m[1m[22m[2m │ gzip: 6.64 kB[22m
[2K[1Gcomputing gzip size (1)...[2K[1Gcomputing gzip size (2)...[2K[1G[2mlib/[22m[35mindex.css     [39m[1m[2m 0.00 kB[22m[1m[22m[2m │ gzip: 0.02 kB[22m
[2mlib/[22m[36mumd/index.js  [39m[1m[2m18.90 kB[22m[1m[22m[2m │ gzip: 5.96 kB[22m
[32m✓ built in 21.07s[39m
[32m[36m[vite:dts][32m Declaration files built in 17960ms.
[39m
[32m✓ built in 21.07s[39m
[2K[1Gcomputing gzip size (0)...[2K[1Gcomputing gzip size (1)...[2K[1Gcomputing gzip size (2)...[2K[1G[2mlib/[22m[35mindex.css     [39m[1m[2m 0.00 kB[22m[1m[22m[2m │ gzip: 0.02 kB[22m
[2mlib/[22m[36mcjs/index.js  [39m[1m[2m18.39 kB[22m[1m[22m[2m │ gzip: 5.77 kB[22m
[32m✓ built in 21.07s[39m
[1G[0K⠙[1G[0K
