

> @univerjs/core@0.12.4 build /home/bappu/websitenew/web/univer/packages/core
> univer-cli build

[1G[0K⠙[1G[0K[32m
Vite@7.2.6 vite-plugin-external@6.2.2[39m
[36mvite v7.2.6 [32mbuilding client environment for production...[36m[39m











[1;1H[0J[36mvite v7.2.6 [32mbuilding client environment for production...[36m[39m [33m(x2)[39m











[1;1H[0J[36mvite v7.2.6 [32mbuilding client environment for production...[36m[39m [33m(x3)[39m











[1;1H[0J[36mvite v7.2.6 [32mbuilding client environment for production...[36m[39m [33m(x4)[39m











[1;1H[0J[36mvite v7.2.6 [32mbuilding client environment for production...[36m[39m [33m(x5)[39m











[1;1H[0J[36mvite v7.2.6 [32mbuilding client environment for production...[36m[39m [33m(x6)[39m
[2K[1Gtransforming (1) [2msrc/facade/index.ts[22m[2K[1Gtransforming (1) [2msrc/facade/index.ts[22m[2K[1Gtransforming (1) [2msrc/facade/index.ts[22m[2K[1Gtransforming (1) [2msrc/index.ts[22m[2K[1Gtransforming (1) [2msrc/index.ts[22m[2K[1Gtransforming (1) [2msrc/index.ts[22m[2K[1Gtransforming (2) [2msrc/facade/f-event.ts[22m[2K[1Gtransforming (2) [2msrc/facade/f-base.ts[22m[2K[1Gtransforming (2) [2msrc/facade/f-base.ts[22m[2K[1Gtransforming (2) [2msrc/skeleton.ts[22m[2K[1Gtransforming (2) [2msrc/skeleton.ts[22m[2K[1Gtransforming (2) [2msrc/skeleton.ts[22m[2K[1Gtransforming (39) [2msrc/shared/common.ts[22m[2K[1Gtransforming (4) [2msrc/common/set.ts[22m[2K[1Gtransforming (49) [2m../../node_modules/.pnpm/fast-diff@1.3.0/node_modules/fast-d[2K[1Gtransforming (34) [2msrc/shared/tools.ts[22m[2K[1Gtransforming (4) [2msrc/common/error.ts[22m[2K[1Gtransforming (247) [2m../../node_modules/.pnpm/lodash-es@4.17.21/node_modules/lod[2K[1Gtransforming (48) [2m../../node_modules/.pnpm/lodash-es@4.17.21/node_modules/loda[2K[1Gtransforming (374) [2m../../node_modules/.pnpm/async-lock@1.4.1/node_modules/asyn[2K[1Gtransforming (38) [2msrc/shared/tools.ts[22m[2K[1Gtransforming (54) [2m../../node_modules/.pnpm/async-lock@1.4.1/node_modules/async[2K[1Gtransforming (436) [2m../../node_modules/.pnpm/lodash-es@4.17.21/node_modules/lod[2K[1Gtransforming (593) [2m../../node_modules/.pnpm/lodash-es@4.17.21/node_modules/lod[2K[1Gtransforming (50) [2m../../node_modules/.pnpm/fast-diff@1.3.0/node_modules/fast-d[2K[1Gtransforming (377) [2msrc/docs/data-model/replacement.ts[22m[2K[1Gtransforming (54) [2m../../node_modules/.pnpm/nanoid@5.1.6/node_modules/nanoid/in[2K[1Gtransforming (614) [2msrc/services/local-storage/local-storage.service.ts[22m[2K[1Gtransforming (637) [2m../../node_modules/.pnpm/lodash-es@4.17.21/node_modules/lod[2K[1Gtransforming (406) [2m../../node_modules/.pnpm/lodash-es@4.17.21/node_modules/lod[2K[1Gtransforming (376) [2msrc/docs/data-model/index.ts[22m[2K[1Gtransforming (387) [2m../../node_modules/.pnpm/nanoid@5.1.6/node_modules/nanoid/u[2K[1Gtransforming (709) [2m../../node_modules/.pnpm/ot-json1@1.0.2/node_modules/ot-jso[2K[1Gtransforming (9) [2msrc/facade/f-doc.ts[22m[2K[1Gtransforming (9) [2msrc/facade/f-doc.ts[22m[2K[1G[32m✓[39m 11 modules transformed.
[2K[1G










[1;1H[0J[32m✓[39m 11 modules transformed. [33m(x2)[39m
[2K[1Gtransforming (9) [2msrc/facade/f-doc.ts[22m[2K[1Gtransforming (615) [2msrc/shared/lifecycle.ts[22m[2K[1Gtransforming (731) [2m../../node_modules/.pnpm/lodash-es@4.17.21/node_modules/lod[2K[1G










[1;1H[0J[32m✓[39m 11 modules transformed. [33m(x3)[39m
[2K[1Gtransforming (606) [2msrc/docs/data-model/text-x/build-utils/parse.ts[22m[2K[1Gtransforming (737) [2m../../node_modules/.pnpm/lodash-es@4.17.21/node_modules/lod[2K[1Gtransforming (710) [2m../../node_modules/.pnpm/ot-json1@1.0.2/node_modules/ot-jso[2K[1Gtransforming (756) [2msrc/services/resource-loader/resource-loader.service.ts[22[2K[1Gtransforming (616) [2m../../node_modules/.pnpm/lodash-es@4.17.21/node_modules/lod[2K[1Gtransforming (714) [2msrc/shared/dayjs.ts[22m[2K[1Gtransforming (775) [2m../../node_modules/.pnpm/lodash-es@4.17.21/node_modules/lod[2K[1Gtransforming (721) [2msrc/shared/shape.ts[22m[2K[1Gtransforming (758) [2msrc/shared/sequence.ts[22m[2K[1Gtransforming (788) [2m../../node_modules/.pnpm/ot-text-unicode@4.0.0/node_modules[2K[1Gtransforming (738) [2m../../node_modules/.pnpm/lodash-es@4.17.21/node_modules/lod[2K[1Gtransforming (771) [2m../../node_modules/.pnpm/unicount@1.1.0/node_modules/unicou[2K[1Gtransforming (823) [2m../../node_modules/.pnpm/ot-json1@1.0.2/node_modules/ot-jso[2K[1Gtransforming (812) [2m../../node_modules/.pnpm/ot-text-unicode@4.0.0/node_modules[2K[1Gtransforming (775) [2m../../node_modules/.pnpm/dayjs@1.11.19/node_modules/dayjs/d[2K[1Gtransforming (861) [2m../../node_modules/.pnpm/numfmt@3.2.3/node_modules/numfmt/l[2K[1Gtransforming (841) [2m../../node_modules/.pnpm/ot-json1@1.0.2/node_modules/ot-jso[2K[1Gtransforming (804) [2m../../node_modules/.pnpm/lodash-es@4.17.21/node_modules/lod[2K[1Gtransforming (856) [2m../../node_modules/.pnpm/lodash-es@4.17.21/node_modules/lod[2K[1Grendering chunks (1)...[2K[1G[2K[1Grendering chunks (1)...[2K[1G[2K[1Gtransforming (821) [2m../../node_modules/.pnpm/ot-text-unicode@4.0.0/node_modules[2K[1Gtransforming (884) [2m../../node_modules/.pnpm/numfmt@3.2.3/node_modules/numfmt/l[2K[1Gtransforming (851) [2m../../node_modules/.pnpm/lodash-es@4.17.21/node_modules/lod[2K[1Grendering chunks (1)...[2K[1G[2K[1Gtransforming (884) [2m../../node_modules/.pnpm/numfmt@3.2.3/node_modules/numfmt/l[32m
[36m[vite:dts][32m Start generate declaration files...[39m
[2K[1Gcomputing gzip size (0)...[2K[1Gcomputing gzip size (0)...[2K[1Gtransforming (888) [2msrc/docs/data-model/empty-snapshot.ts[22m[2K[1Gtransforming (889) [2msrc/docs/data-model/text-x/build-utils/custom-decoration.ts[2K[1Gtransforming (885) [2msrc/docs/data-model/text-x/build-utils/custom-decoration.ts[2K[1Gcomputing gzip size (1)...[2K[1G[2mlib/[22m[36mcjs/facade.js  [39m[1m[2m14.95 kB[22m[1m[22m[2m │ gzip: 3.55 kB[22m
[2K[1Gcomputing gzip size (1)...[2K[1G[2mlib/[22m[36mumd/facade.js  [39m[1m[2m15.10 kB[22m[1m[22m[2m │ gzip: 3.68 kB[22m
[32m✓ built in 9.99s[39m
[2K[1Gcomputing gzip size (0)...[2K[1Gtransforming (895) [2m../../node_modules/.pnpm/numfmt@3.2.3/node_modules/numfmt/l[2K[1Gcomputing gzip size (1)...[2K[1G[2mlib/[22m[36mes/facade.js  [39m[1m[2m39.91 kB[22m[1m[22m[2m │ gzip: 7.47 kB[22m
[32m✓ built in 10.19s[39m
[2K[1Gtransforming (899) [2m../../node_modules/.pnpm/numfmt@3.2.3/node_modules/numfmt/l[2K[1Gtransforming (895) [2m../../node_modules/.pnpm/numfmt@3.2.3/node_modules/numfmt/l[2K[1G[2K[1G[2K[1G[2K[1G[2K[1G[32m✓[39m 899 modules transformed.
[2K[1Gtransforming (899) [2m../../node_modules/.pnpm/numfmt@3.2.3/node_modules/numfmt/l[2K[1G[2K[1G[2K[1G[2K[1G[2K[1G










[1;1H[0J[32m✓[39m 899 modules transformed. [33m(x2)[39m
[2K[1Gtransforming (899) [2m../../node_modules/.pnpm/numfmt@3.2.3/node_modules/numfmt/l[2K[1G[2K[1G[2K[1G[2K[1G[2K[1G










[1;1H[0J[32m✓[39m 899 modules transformed. [33m(x3)[39m
[2K[1Grendering chunks (1)...[2K[1G[2K[1Gcomputing gzip size (0)...[32m[36m[vite:dts][32m Declaration files built in 10636ms.
[39m
[32m✓ built in 14.06s[39m
[2K[1Gcomputing gzip size (1)...[2K[1G[2mlib/[22m[36mumd/index.js  [39m[1m[2m408.80 kB[22m[1m[22m[2m │ gzip: 135.04 kB[22m
[32m✓ built in 14.08s[39m
[2K[1Grendering chunks (1)...[2K[1G[2K[1Gcomputing gzip size (0)...[2K[1Gcomputing gzip size (1)...[2K[1G[2mlib/[22m[36mcjs/index.js  [39m[1m[2m411.14 kB[22m[1m[22m[2m │ gzip: 135.00 kB[22m
[32m✓ built in 14.27s[39m
[2K[1Grendering chunks (1)...[2K[1G[2K[1Gcomputing gzip size (0)...[2K[1Gcomputing gzip size (1)...[2K[1G[2mlib/[22m[36mes/index.js  [39m[1m[33m662.98 kB[39m[22m[2m │ gzip: 170.39 kB[22m
[32m✓ built in 14.34s[39m
[1G[0K⠙[1G[0K
