

> @univerjs/sheets@0.12.4 build /home/bappu/websitenew/web/univer/packages/sheets
> univer-cli build

[1G[0K⠙[1G[0K[32m
Vite@7.2.6 vite-plugin-external@6.2.2[39m
[36mvite v7.2.6 [32mbuilding client environment for production...[36m[39m











[1;1H[0J[36mvite v7.2.6 [32mbuilding client environment for production...[36m[39m [33m(x2)[39m











[1;1H[0J[36mvite v7.2.6 [32mbuilding client environment for production...[36m[39m [33m(x3)[39m











[1;1H[0J[36mvite v7.2.6 [32mbuilding client environment for production...[36m[39m [33m(x4)[39m











[1;1H[0J[36mvite v7.2.6 [32mbuilding client environment for production...[36m[39m [33m(x5)[39m











[1;1H[0J[36mvite v7.2.6 [32mbuilding client environment for production...[36m[39m [33m(x6)[39m











[1;1H[0J[36mvite v7.2.6 [32mbuilding client environment for production...[36m[39m [33m(x7)[39m











[1;1H[0J[36mvite v7.2.6 [32mbuilding client environment for production...[36m[39m [33m(x8)[39m











[1;1H[0J[36mvite v7.2.6 [32mbuilding client environment for production...[36m[39m [33m(x9)[39m











[1;1H[0J[36mvite v7.2.6 [32mbuilding client environment for production...[36m[39m [33m(x10)[39m











[1;1H[0J[36mvite v7.2.6 [32mbuilding client environment for production...[36m[39m [33m(x11)[39m











[1;1H[0J[36mvite v7.2.6 [32mbuilding client environment for production...[36m[39m [33m(x12)[39m











[1;1H[0J[36mvite v7.2.6 [32mbuilding client environment for production...[36m[39m [33m(x13)[39m











[1;1H[0J[36mvite v7.2.6 [32mbuilding client environment for production...[36m[39m [33m(x14)[39m











[1;1H[0J[36mvite v7.2.6 [32mbuilding client environment for production...[36m[39m [33m(x15)[39m











[1;1H[0J[36mvite v7.2.6 [32mbuilding client environment for production...[36m[39m [33m(x16)[39m











[1;1H[0J[36mvite v7.2.6 [32mbuilding client environment for production...[36m[39m [33m(x17)[39m











[1;1H[0J[36mvite v7.2.6 [32mbuilding client environment for production...[36m[39m [33m(x18)[39m











[1;1H[0J[36mvite v7.2.6 [32mbuilding client environment for production...[36m[39m [33m(x19)[39m











[1;1H[0J[36mvite v7.2.6 [32mbuilding client environment for production...[36m[39m [33m(x20)[39m











[1;1H[0J[36mvite v7.2.6 [32mbuilding client environment for production...[36m[39m [33m(x21)[39m











[1;1H[0J[36mvite v7.2.6 [32mbuilding client environment for production...[36m[39m [33m(x22)[39m











[1;1H[0J[36mvite v7.2.6 [32mbuilding client environment for production...[36m[39m [33m(x23)[39m











[1;1H[0J[36mvite v7.2.6 [32mbuilding client environment for production...[36m[39m [33m(x24)[39m











[1;1H[0J[36mvite v7.2.6 [32mbuilding client environment for production...[36m[39m [33m(x25)[39m











[1;1H[0J[36mvite v7.2.6 [32mbuilding client environment for production...[36m[39m [33m(x26)[39m











[1;1H[0J[36mvite v7.2.6 [32mbuilding client environment for production...[36m[39m [33m(x27)[39m











[1;1H[0J[36mvite v7.2.6 [32mbuilding client environment for production...[36m[39m [33m(x28)[39m











[1;1H[0J[36mvite v7.2.6 [32mbuilding client environment for production...[36m[39m [33m(x29)[39m











[1;1H[0J[36mvite v7.2.6 [32mbuilding client environment for production...[36m[39m [33m(x30)[39m











[1;1H[0J[36mvite v7.2.6 [32mbuilding client environment for production...[36m[39m [33m(x31)[39m











[1;1H[0J[36mvite v7.2.6 [32mbuilding client environment for production...[36m[39m [33m(x32)[39m











[1;1H[0J[36mvite v7.2.6 [32mbuilding client environment for production...[36m[39m [33m(x33)[39m











[1;1H[0J[36mvite v7.2.6 [32mbuilding client environment for production...[36m[39m [33m(x34)[39m











[1;1H[0J[36mvite v7.2.6 [32mbuilding client environment for production...[36m[39m [33m(x35)[39m











[1;1H[0J[36mvite v7.2.6 [32mbuilding client environment for production...[36m[39m [33m(x36)[39m











[1;1H[0J[36mvite v7.2.6 [32mbuilding client environment for production...[36m[39m [33m(x37)[39m











[1;1H[0J[36mvite v7.2.6 [32mbuilding client environment for production...[36m[39m [33m(x38)[39m











[1;1H[0J[36mvite v7.2.6 [32mbuilding client environment for production...[36m[39m [33m(x39)[39m
[2K[1Gtransforming (1) [2msrc/index.ts[22m[2K[1Gtransforming (1) [2msrc/locale/ru-RU.ts[22m[2K[1Gtransforming (1) [2msrc/facade/index.ts[22m[2K[1Gtransforming (1) [2msrc/locale/fr-FR.ts[22m[2K[1Gtransforming (1) [2msrc/locale/zh-CN.ts[22m[2K[1Gtransforming (1) [2msrc/locale/vi-VN.ts[22m[2K[1Gtransforming (1) [2msrc/locale/en-US.ts[22m[2K[1Gtransforming (1) [2msrc/locale/en-US.ts[22m[2K[1Gtransforming (1) [2msrc/locale/zh-TW.ts[22m[2K[1Gtransforming (1) [2msrc/facade/index.ts[22m[2K[1Gtransforming (1) [2msrc/locale/vi-VN.ts[22m[2K[1Gtransforming (1) [2msrc/locale/ko-KR.ts[22m[2K[1Gtransforming (1) [2msrc/locale/zh-CN.ts[22m[2K[1Gtransforming (1) [2msrc/locale/ca-ES.ts[22m[2K[1Gtransforming (1) [2msrc/locale/ru-RU.ts[22m[2K[1Gtransforming (1) [2msrc/locale/fr-FR.ts[22m[2K[1Gtransforming (1) [2msrc/locale/vi-VN.ts[22m[2K[1Gtransforming (1) [2msrc/locale/es-ES.ts[22m[2K[1Gtransforming (1) [2msrc/locale/ja-JP.ts[22m[2K[1Gtransforming (1) [2msrc/locale/en-US.ts[22m[2K[1Gtransforming (1) [2msrc/locale/ko-KR.ts[22m[2K[1Gtransforming (1) [2msrc/locale/fr-FR.ts[22m[2K[1Gtransforming (1) [2msrc/locale/zh-TW.ts[22m[2K[1Gtransforming (1) [2msrc/locale/zh-TW.ts[22m[2K[1Gtransforming (1) [2msrc/locale/es-ES.ts[22m[2K[1Gtransforming (1) [2msrc/locale/fa-IR.ts[22m[2K[1Gtransforming (1) [2msrc/locale/ko-KR.ts[22m[2K[1Gtransforming (1) [2msrc/locale/fa-IR.ts[22m[2K[1Gtransforming (1) [2msrc/locale/ru-RU.ts[22m[2K[1Gtransforming (1) [2msrc/facade/index.ts[22m[2K[1Gtransforming (1) [2msrc/locale/ca-ES.ts[22m[2K[1Gtransforming (1) [2msrc/locale/ca-ES.ts[22m[2K[1Gtransforming (1) [2msrc/locale/ja-JP.ts[22m[2K[1Gtransforming (1) [2msrc/locale/zh-CN.ts[22m[2K[1Gtransforming (1) [2msrc/locale/fa-IR.ts[22m[2K[1Gtransforming (1) [2msrc/locale/ja-JP.ts[22m[2K[1G[32m✓[39m 1 modules transformed.
[2K[1G










[1;1H[0J[32m✓[39m 1 modules transformed. [33m(x2)[39m
[2K[1G










[1;1H[0J[32m✓[39m 1 modules transformed. [33m(x3)[39m
[2K[1G










[1;1H[0J[32m✓[39m 1 modules transformed. [33m(x4)[39m
[2K[1G










[1;1H[0J[32m✓[39m 1 modules transformed. [33m(x5)[39m
[2K[1G










[1;1H[0J[32m✓[39m 1 modules transformed. [33m(x6)[39m
[2K[1G










[1;1H[0J[32m✓[39m 1 modules transformed. [33m(x7)[39m
[2K[1G










[1;1H[0J[32m✓[39m 1 modules transformed. [33m(x8)[39m
[2K[1G










[1;1H[0J[32m✓[39m 1 modules transformed. [33m(x9)[39m
[2K[1G










[1;1H[0J[32m✓[39m 1 modules transformed. [33m(x10)[39m
[2K[1G










[1;1H[0J[32m✓[39m 1 modules transformed. [33m(x11)[39m
[2K[1G










[1;1H[0J[32m✓[39m 1 modules transformed. [33m(x12)[39m
[2K[1G










[1;1H[0J[32m✓[39m 1 modules transformed. [33m(x13)[39m
[2K[1G










[1;1H[0J[32m✓[39m 1 modules transformed. [33m(x14)[39m
[2K[1G










[1;1H[0J[32m✓[39m 1 modules transformed. [33m(x15)[39m
[2K[1G










[1;1H[0J[32m✓[39m 1 modules transformed. [33m(x16)[39m
[2K[1G










[1;1H[0J[32m✓[39m 1 modules transformed. [33m(x17)[39m
[2K[1G










[1;1H[0J[32m✓[39m 1 modules transformed. [33m(x18)[39m
[2K[1G










[1;1H[0J[32m✓[39m 1 modules transformed. [33m(x19)[39m
[2K[1G










[1;1H[0J[32m✓[39m 1 modules transformed. [33m(x20)[39m
[2K[1G










[1;1H[0J[32m✓[39m 1 modules transformed. [33m(x21)[39m
[2K[1G










[1;1H[0J[32m✓[39m 1 modules transformed. [33m(x22)[39m
[2K[1G










[1;1H[0J[32m✓[39m 1 modules transformed. [33m(x23)[39m
[2K[1G










[1;1H[0J[32m✓[39m 1 modules transformed. [33m(x24)[39m
[2K[1G










[1;1H[0J[32m✓[39m 1 modules transformed. [33m(x25)[39m
[2K[1G










[1;1H[0J[32m✓[39m 1 modules transformed. [33m(x26)[39m
[2K[1G










[1;1H[0J[32m✓[39m 1 modules transformed. [33m(x27)[39m
[2K[1G










[1;1H[0J[32m✓[39m 1 modules transformed. [33m(x28)[39m
[2K[1G










[1;1H[0J[32m✓[39m 1 modules transformed. [33m(x29)[39m
[2K[1G










[1;1H[0J[32m✓[39m 1 modules transformed. [33m(x30)[39m
[2K[1G










[1;1H[0J[32m✓[39m 1 modules transformed. [33m(x31)[39m
[2K[1G










[1;1H[0J[32m✓[39m 1 modules transformed. [33m(x32)[39m
[2K[1Gtransforming (1) [2msrc/locale/es-ES.ts[22m[2K[1Gtransforming (1) [2msrc/index.ts[22m[2K[1Grendering chunks (1)...[2K[1Grendering chunks (1)...[2K[1Grendering chunks (1)...[2K[1Grendering chunks (1)...[2K[1Grendering chunks (1)...[2K[1Grendering chunks (1)...[2K[1Grendering chunks (1)...[2K[1Gtransforming (1) [2msrc/index.ts[22m[2K[1G[2K[1G[2K[1G[2K[1G[2K[1G[2K[1G[2K[1G[2K[1G










[1;1H[0J[32m✓[39m 1 modules transformed. [33m(x33)[39m
[2K[1Grendering chunks (1)...[2K[1Grendering chunks (1)...[2K[1Grendering chunks (1)...[2K[1Grendering chunks (1)...[2K[1Grendering chunks (1)...[2K[1Grendering chunks (1)...[2K[1Grendering chunks (1)...[2K[1Grendering chunks (1)...[2K[1Grendering chunks (1)...[2K[1Grendering chunks (1)...[2K[1Grendering chunks (1)...[2K[1Grendering chunks (1)...[2K[1Grendering chunks (1)...[2K[1Grendering chunks (1)...[2K[1Grendering chunks (1)...[2K[1Grendering chunks (1)...[2K[1Grendering chunks (1)...[2K[1Grendering chunks (1)...[2K[1Grendering chunks (1)...[2K[1Grendering chunks (1)...[2K[1Grendering chunks (1)...[2K[1Grendering chunks (1)...[2K[1Grendering chunks (1)...[2K[1Grendering chunks (1)...[2K[1Grendering chunks (1)...[2K[1Grendering chunks (1)...[2K[1G[2K[1G[2K[1G[2K[1G[2K[1G[2K[1G[2K[1G[2K[1G[2K[1G[2K[1G[2K[1G[2K[1G[2K[1G[2K[1G[2K[1G[2K[1G[2K[1G[2K[1G[2K[1G[2K[1G[2K[1G[2K[1G[2K[1G[2K[1G[2K[1G[2K[1G[2K[1Gtransforming (2) [2m../../node_modules/.pnpm/@univerjs+protocol@0.1.47/node_modul[2K[1Gtransforming (3) [2msrc/plugin.ts[22m[2K[1Gtransforming (2) [2msrc/facade/f-enum.ts[22m[2K[1Gtransforming (2) [2m../../node_modules/.pnpm/@univerjs+protocol@0.1.47/node_modul[2K[1Gtransforming (2) [2m../../node_modules/.pnpm/@univerjs+protocol@0.1.47/node_modul[32m
[36m[vite:dts][32m Start generate declaration files...[39m
[2K[1Gcomputing gzip size (0)...[2K[1Gcomputing gzip size (0)...[2K[1Gcomputing gzip size (0)...[2K[1Gcomputing gzip size (0)...[2K[1Gcomputing gzip size (0)...[2K[1Gcomputing gzip size (0)...[2K[1Gcomputing gzip size (0)...[2K[1Gcomputing gzip size (0)...[2K[1Gcomputing gzip size (0)...[2K[1Gcomputing gzip size (0)...[2K[1Gcomputing gzip size (0)...[2K[1Gcomputing gzip size (0)...[2K[1Gcomputing gzip size (0)...[2K[1Gcomputing gzip size (0)...[2K[1Gcomputing gzip size (0)...[2K[1Gcomputing gzip size (0)...[2K[1Gcomputing gzip size (0)...[2K[1Gcomputing gzip size (0)...[2K[1Gcomputing gzip size (0)...[2K[1Gcomputing gzip size (0)...[2K[1Gcomputing gzip size (0)...[2K[1Gcomputing gzip size (0)...[2K[1Gcomputing gzip size (0)...[2K[1Gcomputing gzip size (0)...[2K[1Gcomputing gzip size (0)...[2K[1Gcomputing gzip size (0)...[2K[1Gcomputing gzip size (0)...[2K[1Gcomputing gzip size (0)...[2K[1Gcomputing gzip size (0)...[2K[1Gcomputing gzip size (0)...[2K[1Gcomputing gzip size (0)...[2K[1Gcomputing gzip size (0)...[2K[1Gcomputing gzip size (0)...[2K[1Gcomputing gzip size (1)...[2K[1G[2mlib/[22m[36mes/locale/en-US.js  [39m[1m[2m0.39 kB[22m[1m[22m[2m │ gzip: 0.23 kB[22m
[2K[1Gcomputing gzip size (1)...[2K[1G[2mlib/[22m[36mes/locale/zh-CN.js  [39m[1m[2m0.39 kB[22m[1m[22m[2m │ gzip: 0.30 kB[22m
[32m✓ built in 14.07s[39m
[2K[1Gcomputing gzip size (1)...[2K[1G[2mlib/[22m[36mes/locale/ru-RU.js  [39m[1m[2m0.61 kB[22m[1m[22m[2m │ gzip: 0.39 kB[22m
[32m✓ built in 14.07s[39m
[2K[1Gcomputing gzip size (1)...[2K[1G[2mlib/[22m[36mes/locale/fr-FR.js  [39m[1m[2m0.47 kB[22m[1m[22m[2m │ gzip: 0.29 kB[22m
[32m✓ built in 14.07s[39m
[2K[1Gcomputing gzip size (1)...[2K[1G[2mlib/[22m[36mumd/locale/zh-TW.js  [39m[1m[2m0.51 kB[22m[1m[22m[2m │ gzip: 0.41 kB[22m
[32m✓ built in 14.08s[39m
[2K[1Gcomputing gzip size (1)...[2K[1G[2mlib/[22m[36mumd/locale/en-US.js  [39m[1m[2m0.51 kB[22m[1m[22m[2m │ gzip: 0.33 kB[22m
[32m✓ built in 14.08s[39m
[2K[1Gcomputing gzip size (1)...[2K[1G[2mlib/[22m[36mcjs/locale/vi-VN.js  [39m[1m[2m0.42 kB[22m[1m[22m[2m │ gzip: 0.33 kB[22m
[32m✓ built in 14.08s[39m
[2K[1Gtransforming (8) [2msrc/facade/f-range.ts[22m[2K[1Gtransforming (2) [2msrc/facade/f-enum.ts[22m[2K[1Gtransforming (2) [2msrc/facade/f-event.ts[22m[2K[1Gcomputing gzip size (1)...[2K[1G[2mlib/[22m[36mes/locale/ko-KR.js  [39m[1m[2m0.45 kB[22m[1m[22m[2m │ gzip: 0.33 kB[22m
[32m✓ built in 14.17s[39m
[2K[1Gcomputing gzip size (1)...[2K[1G[2mlib/[22m[36mumd/locale/vi-VN.js  [39m[1m[2m0.62 kB[22m[1m[22m[2m │ gzip: 0.44 kB[22m
[32m✓ built in 14.17s[39m
[2K[1Gcomputing gzip size (1)...[2K[1G[2mlib/[22m[36mcjs/locale/zh-CN.js  [39m[1m[2m0.31 kB[22m[1m[22m[2m │ gzip: 0.29 kB[22m
[32m✓ built in 14.18s[39m
[2K[1Gcomputing gzip size (1)...[2K[1G[2mlib/[22m[36mcjs/locale/fr-FR.js  [39m[1m[2m0.40 kB[22m[1m[22m[2m │ gzip: 0.28 kB[22m
[32m✓ built in 14.18s[39m
[2K[1Gcomputing gzip size (1)...[2K[1G[2mlib/[22m[36mcjs/locale/ca-ES.js  [39m[1m[2m0.37 kB[22m[1m[22m[2m │ gzip: 0.27 kB[22m
[32m✓ built in 14.18s[39m
[2K[1Gcomputing gzip size (1)...[2K[1G[2mlib/[22m[36mcjs/locale/ru-RU.js  [39m[1m[2m0.53 kB[22m[1m[22m[2m │ gzip: 0.38 kB[22m
[32m✓ built in 14.18s[39m
[2K[1Gcomputing gzip size (1)...[2K[1G[2mlib/[22m[36mes/locale/es-ES.js  [39m[1m[2m0.44 kB[22m[1m[22m[2m │ gzip: 0.27 kB[22m
[32m✓ built in 14.18s[39m
[2K[1Gcomputing gzip size (1)...[2K[1G[2mlib/[22m[36mes/locale/vi-VN.js  [39m[1m[2m0.50 kB[22m[1m[22m[2m │ gzip: 0.34 kB[22m
[32m✓ built in 14.18s[39m
[2K[1Gcomputing gzip size (1)...[2K[1G[2mlib/[22m[36mcjs/locale/en-US.js  [39m[1m[2m0.32 kB[22m[1m[22m[2m │ gzip: 0.23 kB[22m
[32m✓ built in 14.18s[39m
[2K[1Gcomputing gzip size (1)...[2K[1G[2mlib/[22m[36mcjs/locale/ko-KR.js  [39m[1m[2m0.37 kB[22m[1m[22m[2m │ gzip: 0.32 kB[22m
[32m✓ built in 14.18s[39m
[2K[1Gcomputing gzip size (1)...[2K[1G[2mlib/[22m[36mcjs/locale/ja-JP.js  [39m[1m[2m0.45 kB[22m[1m[22m[2m │ gzip: 0.35 kB[22m
[32m✓ built in 14.18s[39m
[2K[1Gcomputing gzip size (1)...[2K[1G[2mlib/[22m[36mumd/locale/fr-FR.js  [39m[1m[2m0.59 kB[22m[1m[22m[2m │ gzip: 0.39 kB[22m
[32m✓ built in 14.19s[39m
[2K[1Gcomputing gzip size (1)...[2K[1G[2mlib/[22m[36mes/locale/zh-TW.js  [39m[1m[2m0.39 kB[22m[1m[22m[2m │ gzip: 0.30 kB[22m
[32m✓ built in 14.19s[39m
[2K[1Gcomputing gzip size (1)...[2K[1G[2mlib/[22m[36mcjs/locale/zh-TW.js  [39m[1m[2m0.31 kB[22m[1m[22m[2m │ gzip: 0.29 kB[22m
[32m✓ built in 14.19s[39m
[2K[1Gcomputing gzip size (1)...[2K[1G[2mlib/[22m[36mumd/locale/ru-RU.js  [39m[1m[2m0.73 kB[22m[1m[22m[2m │ gzip: 0.50 kB[22m
[32m✓ built in 14.20s[39m
[2K[1Gcomputing gzip size (1)...[2K[1G[2mlib/[22m[36mcjs/locale/fa-IR.js  [39m[1m[2m0.50 kB[22m[1m[22m[2m │ gzip: 0.35 kB[22m
[32m✓ built in 14.20s[39m
[2K[1Gcomputing gzip size (1)...[2K[1G[2mlib/[22m[36mumd/locale/es-ES.js  [39m[1m[2m0.56 kB[22m[1m[22m[2m │ gzip: 0.37 kB[22m
[32m✓ built in 14.20s[39m
[2K[1Gcomputing gzip size (1)...[2K[1G[2mlib/[22m[36mumd/locale/ko-KR.js  [39m[1m[2m0.57 kB[22m[1m[22m[2m │ gzip: 0.44 kB[22m
[32m✓ built in 14.20s[39m
[2K[1Gcomputing gzip size (1)...[2K[1G[2mlib/[22m[36mumd/locale/fa-IR.js  [39m[1m[2m0.70 kB[22m[1m[22m[2m │ gzip: 0.47 kB[22m
[32m✓ built in 14.20s[39m
[2K[1Gcomputing gzip size (1)...[2K[1G[2mlib/[22m[36mumd/locale/ca-ES.js  [39m[1m[2m0.57 kB[22m[1m[22m[2m │ gzip: 0.38 kB[22m
[32m✓ built in 14.20s[39m
[2K[1Gcomputing gzip size (1)...[2K[1G[2mlib/[22m[36mes/locale/ca-ES.js  [39m[1m[2m0.45 kB[22m[1m[22m[2m │ gzip: 0.28 kB[22m
[32m✓ built in 14.20s[39m
[2K[1Gcomputing gzip size (1)...[2K[1G[2mlib/[22m[36mumd/locale/ja-JP.js  [39m[1m[2m0.65 kB[22m[1m[22m[2m │ gzip: 0.47 kB[22m
[32m✓ built in 14.20s[39m
[2K[1Gcomputing gzip size (1)...[2K[1G[2mlib/[22m[36mes/locale/fa-IR.js  [39m[1m[2m0.58 kB[22m[1m[22m[2m │ gzip: 0.36 kB[22m
[32m✓ built in 14.20s[39m
[2K[1Gcomputing gzip size (1)...[2K[1G[2mlib/[22m[36mumd/locale/zh-CN.js  [39m[1m[2m0.51 kB[22m[1m[22m[2m │ gzip: 0.40 kB[22m
[32m✓ built in 14.20s[39m
[2K[1Gcomputing gzip size (1)...[2K[1G[2mlib/[22m[36mes/locale/ja-JP.js  [39m[1m[2m0.53 kB[22m[1m[22m[2m │ gzip: 0.36 kB[22m
[32m✓ built in 14.20s[39m
[2K[1Gcomputing gzip size (1)...[2K[1G[2mlib/[22m[36mcjs/locale/es-ES.js  [39m[1m[2m0.36 kB[22m[1m[22m[2m │ gzip: 0.26 kB[22m
[32m✓ built in 14.20s[39m
[2K[1Gtransforming (6) [2msrc/facade/f-permission.ts[22m[2K[1Gtransforming (9) [2msrc/facade/f-worksheet.ts[22m[2K[1Gtransforming (9) [2msrc/facade/f-range.ts[22m[2K[1Gtransforming (4) [2msrc/facade/f-sheet-hooks.ts[22m[2K[1Gtransforming (4) [2msrc/basics/cell-type.ts[22m[2K[1Gtransforming (14) [2msrc/controllers/defined-name-data.controller.ts[22m[2K[1Gtransforming (3) [2msrc/plugin.ts[22m[2K[1Gtransforming (57) [2msrc/commands/commands/delete-range-move-up.command.ts[22m[2K[1Gtransforming (3) [2msrc/plugin.ts[22m[2K[1Gtransforming (89) [2msrc/commands/commands/set-worksheet-permission-points.comman[2K[1Gtransforming (4) [2msrc/basics/split-range-text.ts[22m[2K[1Gtransforming (160) [2msrc/commands/mutations/unregister-range-theme-style.mutatio[2K[1Gtransforming (19) [2msrc/model/range-protection-render.model.ts[22m[2K[1Gtransforming (49) [2msrc/services/ref-range/ref-range.service.ts[22m[2K[1Gtransforming (4) [2msrc/basics/selection.ts[22m[2K[1Gtransforming (15) [2msrc/basics/const/command-listener-const.ts[22m[2K[1Gtransforming (32) [2msrc/controllers/permission/sheet-permission-check.controller[2K[1Gtransforming (53) [2msrc/commands/commands/insert-defined-name.command.ts[22m[2K[1Gtransforming (51) [2msrc/services/sheet-interceptor/sheet-interceptor.service.ts[32m[36m[vite:dts][32m Declaration files built in 14843ms.
[39m
[32m✓ built in 15.88s[39m
[2K[1Gtransforming (82) [2msrc/commands/commands/set-col-data.command.ts[22m[2K[1Gtransforming (53) [2msrc/commands/commands/clear-selection-format.command.ts[22m[2K[1Gtransforming (11) [2msrc/facade/permission/index.ts[22m[2K[1Gtransforming (165) [2msrc/services/selections/selection.service.ts[22m[2K[1Gtransforming (11) [2msrc/facade/permission/index.ts[22m[2K[1Gtransforming (11) [2msrc/facade/permission/permission-types.ts[22m[2K[1Gtransforming (158) [2msrc/commands/mutations/set-worksheet-order.mutation.ts[22m[2K[1Gtransforming (18) [2m../../node_modules/.pnpm/@univerjs+protocol@0.1.47/node_modu[2K[1Gtransforming (216) [2msrc/services/permission/permission-point/worksheet/delete-c[2K[1Gtransforming (165) [2msrc/services/permission/permission-point/workbook/create-sh[2K[1Gtransforming (165) [2msrc/controllers/calculate-result-apply.controller.ts[22m[2K[1G[2K[1G[2K[1G[32m✓[39m 226 modules transformed.
[2K[1Gtransforming (189) [2msrc/services/permission/permission-point/worksheet/delete-c[2K[1Gtransforming (180) [2msrc/services/permission/permission-point/workbook/copy.ts[[2K[1Gtransforming (18) [2m../../node_modules/.pnpm/@univerjs+protocol@0.1.47/node_modu[2K[1Gtransforming (19) [2msrc/facade/permission/f-range-protection-rule.ts[22m[2K[1G[2K[1G[2K[1G










[1;1H[0J[32m✓[39m 226 modules transformed. [33m(x2)[39m
[2K[1G[2K[1G[2K[1G[2K[1G[2K[1G[2K[1G[32m✓[39m 20 modules transformed.
[2K[1Gtransforming (19) [2msrc/facade/permission/f-range-protection-rule.ts[22m[2K[1G[2K[1G[2K[1G[2K[1G[2K[1G[2K[1G










[1;1H[0J[32m✓[39m 20 modules transformed. [33m(x2)[39m
[2K[1G[2K[1G[2K[1G[32m✓[39m 226 modules transformed.
[2K[1G[2K[1G[2K[1G[2K[1G[2K[1G[2K[1G[32m✓[39m 20 modules transformed.
[2K[1Grendering chunks (1)...[2K[1G[2K[1Gcomputing gzip size (0)...[2K[1Gcomputing gzip size (1)...[2K[1G[2mlib/[22m[36mcjs/facade.js  [39m[1m[2m96.84 kB[22m[1m[22m[2m │ gzip: 18.18 kB[22m
[32m✓ built in 18.75s[39m
[2K[1Grendering chunks (1)...[2K[1G[2K[1Grendering chunks (1)...[2K[1G[2K[1Gcomputing gzip size (0)...[2K[1Gcomputing gzip size (0)...[2K[1Gcomputing gzip size (1)...[2K[1G[2mlib/[22m[36mumd/facade.js  [39m[1m[2m96.92 kB[22m[1m[22m[2m │ gzip: 18.33 kB[22m
[32m✓ built in 18.77s[39m
[2K[1Gcomputing gzip size (1)...[2K[1G[2mlib/[22m[36mes/facade.js  [39m[1m[2m306.77 kB[22m[1m[22m[2m │ gzip: 49.25 kB[22m
[32m✓ built in 18.79s[39m
[2K[1Grendering chunks (1)...[2K[1G[2K[1Gcomputing gzip size (0)...[2K[1Grendering chunks (1)...[2K[1G[2K[1Grendering chunks (1)...[2K[1G[2K[1Gcomputing gzip size (0)...[2K[1Gcomputing gzip size (0)...[2K[1Gcomputing gzip size (1)...[2K[1G[2mlib/[22m[36mumd/index.js  [39m[1m[2m323.94 kB[22m[1m[22m[2m │ gzip: 69.18 kB[22m
[32m✓ built in 18.90s[39m
[2K[1Gcomputing gzip size (1)...[2K[1G[2mlib/[22m[36mes/index.js  [39m[1m[2m436.30 kB[22m[1m[22m[2m │ gzip: 83.37 kB[22m
[32m✓ built in 18.93s[39m
[2K[1Gcomputing gzip size (1)...[2K[1G[2mlib/[22m[36mcjs/index.js  [39m[1m[2m326.93 kB[22m[1m[22m[2m │ gzip: 69.18 kB[22m
[32m✓ built in 18.96s[39m
[1G[0K⠙[1G[0K
