

> @univerjs/docs-mention-ui@0.12.4 build /home/bappu/websitenew/web/univer/packages/docs-mention-ui
> univer-cli build

[1G[0K⠙[1G[0K[32m
Vite@7.2.6 vite-plugin-external@6.2.2[39m
[36mvite v7.2.6 [32mbuilding client environment for production...[36m[39m











[1;1H[0J[36mvite v7.2.6 [32mbuilding client environment for production...[36m[39m [33m(x2)[39m











[1;1H[0J[36mvite v7.2.6 [32mbuilding client environment for production...[36m[39m [33m(x3)[39m
[2K[1Gtransforming (1) [2msrc/index.ts[22m[2K[1Gtransforming (1) [2msrc/index.ts[22m[2K[1Gtransforming (1) [2msrc/index.ts[22m[2K[1Gtransforming (4) [2msrc/services/doc-mention.service.ts[22m[2K[1Gtransforming (4) [2msrc/services/doc-mention.service.ts[22m[2K[1Gtransforming (4) [2msrc/services/doc-mention.service.ts[22m[2K[1Gtransforming (12) [2msrc/views/mention-list/index.tsx[22m[baseline-browser-mapping] The data in this module is over two months old.  To ensure accurate Baseline data, please update: `npm i baseline-browser-mapping@latest -D`
[baseline-browser-mapping] The data in this module is over two months old.  To ensure accurate Baseline data, please update: `npm i baseline-browser-mapping@latest -D`
Browserslist: browsers data (caniuse-lite) is 6 months old. Please run:
  npx update-browserslist-db@latest
  Why you should do it regularly: https://github.com/browserslist/update-db#readme
[2K[1Gtransforming (13) [2msrc/global.css[22m[2K[1Gtransforming (13) [2msrc/global.css[22m[2K[1Gtransforming (13) [2msrc/global.css[22m[2K[1G[2K[1G[32m✓[39m 13 modules transformed.
[2K[1G[2K[1G










[1;1H[0J[32m✓[39m 13 modules transformed. [33m(x2)[39m
[2K[1G[2K[1G










[1;1H[0J[32m✓[39m 13 modules transformed. [33m(x3)[39m
[2K[1Grendering chunks (1)...[2K[1Grendering chunks (1)...[2K[1Grendering chunks (1)...[2K[1G[2K[1G[2K[1G[32m
[36m[vite:dts][32m Start generate declaration files...[39m
[2K[1Gcomputing gzip size (0)...[2K[1Gcomputing gzip size (1)...[2K[1Gcomputing gzip size (2)...[2K[1G[2mlib/[22m[35mindex.css     [39m[1m[2m1.29 kB[22m[1m[22m[2m │ gzip: 0.50 kB[22m
[2mlib/[22m[36mcjs/index.js  [39m[1m[2m8.44 kB[22m[1m[22m[2m │ gzip: 2.88 kB[22m
[2K[1Gcomputing gzip size (0)...[2K[1Gcomputing gzip size (0)...[32m[36m[vite:dts][32m Declaration files built in 14619ms.
[39m
[32m✓ built in 16.36s[39m
[2K[1Gcomputing gzip size (1)...[2K[1Gcomputing gzip size (2)...[2K[1G[2mlib/[22m[35mindex.css     [39m[1m[2m1.29 kB[22m[1m[22m[2m │ gzip: 0.50 kB[22m
[2mlib/[22m[36mumd/index.js  [39m[1m[2m8.81 kB[22m[1m[22m[2m │ gzip: 3.04 kB[22m
[32m✓ built in 16.36s[39m
[2K[1Gcomputing gzip size (1)...[2K[1Gcomputing gzip size (2)...[2K[1G[2mlib/[22m[35mindex.css    [39m[1m[2m 1.29 kB[22m[1m[22m[2m │ gzip: 0.50 kB[22m
[2mlib/[22m[36mes/index.js  [39m[1m[2m10.92 kB[22m[1m[22m[2m │ gzip: 3.42 kB[22m
[32m✓ built in 16.36s[39m
[1G[0K⠙[1G[0K
