

> @univerjs/engine-render@0.12.4 build /home/bappu/websitenew/web/univer/packages/engine-render
> univer-cli build

[1G[0K⠙[1G[0K[32m
Vite@7.2.6 vite-plugin-external@6.2.2[39m
[36mvite v7.2.6 [32mbuilding client environment for production...[36m[39m











[1;1H[0J[36mvite v7.2.6 [32mbuilding client environment for production...[36m[39m [33m(x2)[39m











[1;1H[0J[36mvite v7.2.6 [32mbuilding client environment for production...[36m[39m [33m(x3)[39m
[2K[1Gtransforming (1) [2msrc/index.ts[22m[2K[1Gtransforming (1) [2msrc/index.ts[22m[2K[1Gtransforming (1) [2msrc/index.ts[22m[2K[1Gtransforming (2) [2msrc/base-object.ts[22m[2K[1Gtransforming (2) [2msrc/base-object.ts[22m[2K[1Gtransforming (2) [2msrc/canvas.ts[22m[2K[1Gtransforming (13) [2msrc/basics/index.ts[22m[2K[1Gtransforming (12) [2msrc/engine.ts[22m[2K[1Gtransforming (13) [2msrc/components/docs/doc-background.ts[22m[2K[1Gtransforming (23) [2msrc/components/docs/layout/block/table.ts[22m[2K[1Gtransforming (20) [2msrc/components/docs/layout/tools.ts[22m[2K[1Gtransforming (13) [2msrc/basics/index.ts[22m[2K[1Gtransforming (30) [2msrc/components/sheets/sheet.render-skeleton.ts[22m[2K[1Gtransforming (17) [2msrc/components/docs/liquid.ts[22m[2K[1Gtransforming (31) [2msrc/services/render-config.service.ts[22m[2K[1Gtransforming (29) [2msrc/components/docs/layout/block/table.ts[22m[2K[1Gtransforming (44) [2msrc/scene.transformer.ts[22m[2K[1Gtransforming (31) [2msrc/controllers/config.schema.ts[22m[2K[1Gtransforming (34) [2msrc/controllers/config.schema.ts[22m[2K[1Gtransforming (45) [2msrc/scene.transformer.ts[22m[2K[1Gtransforming (64) [2m../../node_modules/.pnpm/@floating-ui+core@1.7.3/node_module[2K[1Gtransforming (58) [2msrc/components/sheets/index.ts[22m[2K[1Gtransforming (44) [2msrc/basics/i-events.ts[22m[2K[1Gtransforming (85) [2msrc/components/docs/layout/model/section.ts[22m[2K[1Gtransforming (56) [2m../../node_modules/.pnpm/@floating-ui+utils@0.2.10/node_modu[2K[1Gtransforming (81) [2msrc/shape/scroll-bar.ts[22m[2K[1Gtransforming (98) [2msrc/components/docs/layout/hyphenation/hyphen.ts[22m[2K[1Gtransforming (100) [2m../../node_modules/.pnpm/franc-min@6.2.0/node_modules/franc[2K[1Gtransforming (85) [2msrc/shape/scroll-bar.ts[22m[2K[1Gtransforming (113) [2msrc/basics/offset-rotation-axis.ts[22m[2K[1Gtransforming (100) [2msrc/basics/offset-rotation-axis.ts[22m[2K[1Gtransforming (99) [2m../../node_modules/.pnpm/unicode-regex@4.2.0/node_modules/un[2K[1Gtransforming (129) [2m../../node_modules/.pnpm/trigram-utils@2.0.1/node_modules/t[2K[1Gtransforming (121) [2msrc/components/docs/layout/line-breaker/line-breaker.ts[22[2K[1Gtransforming (113) [2m../../node_modules/.pnpm/franc-min@6.2.0/node_modules/franc[2K[1Gtransforming (1048) [2msrc/components/docs/layout/hyphenation/patterns/en-us.ts[[2K[1Gtransforming (124) [2m../../node_modules/.pnpm/trigram-utils@2.0.1/node_modules/t[2K[1Gtransforming (114) [2m../../node_modules/.pnpm/unicode-regex@4.2.0/node_modules/u[2K[1Gtransforming (127) [2m../../node_modules/.pnpm/unicode-regex@4.2.0/node_modules/u[2K[1Gtransforming (1050) [2m../../node_modules/.pnpm/collapse-white-space@2.1.0/node_m[2K[1Gtransforming (1023) [2m../../node_modules/.pnpm/trigram-utils@2.0.1/node_modules/[2K[1Gtransforming (1036) [2m../../node_modules/.pnpm/collapse-white-space@2.1.0/node_m[2K[1Gtransforming (1109) [2msrc/components/docs/layout/hyphenation/patterns/pl.ts[22m[2K[1Gtransforming (1028) [2msrc/components/docs/extensions/border.ts[22m[2K[1Gtransforming (1038) [2msrc/components/docs/layout/hyphenation/lang.ts[22m[2K[1Gtransforming (1124) [2msrc/components/docs/layout/hyphenation/patterns/hu.ts[22m[2K[1Gtransforming (1063) [2msrc/components/docs/layout/hyphenation/patterns/de-1996.ts[2K[1Gtransforming (1042) [2msrc/components/docs/layout/line-breaker/break.ts[22m[2K[1Gtransforming (1125) [2msrc/components/sheets/extensions/background.ts[22m[2K[1Gtransforming (1124) [2msrc/components/docs/layout/hyphenation/patterns/hu.ts[22m[2K[1Gtransforming (1074) [2msrc/components/docs/layout/hyphenation/patterns/hr.ts[22m[2K[1Gtransforming (1142) [2msrc/components/docs/layout/block/paragraph/line-adjustment[2K[1Gtransforming (1132) [2msrc/components/sheets/extensions/font.ts[22m[2K[1Gtransforming (1126) [2msrc/components/sheets/extensions/row-header-layout.ts[22m[2K[1Gtransforming (1146) [2msrc/components/docs/layout/line-breaker/tiny-inflate.ts[2[2K[1Gtransforming (1144) [2msrc/components/docs/layout/hyphenation/patterns/hu.ts[22m[2K[1Gtransforming (1145) [2msrc/components/docs/layout/shaping-engine/font-library.ts[2K[1Gtransforming (1158) [2m../../node_modules/.pnpm/opentype.js@1.3.4/node_modules/op[2K[1G[2K[1G[2K[1G[2K[1G[2K[1G[2K[1G[2K[1G[2K[1G[2K[1G[32m✓[39m 1158 modules transformed.
[2K[1G[2K[1G[2K[1G[2K[1G[2K[1G[2K[1G[2K[1G[2K[1G[2K[1G










[1;1H[0J[32m✓[39m 1158 modules transformed. [33m(x2)[39m
[2K[1G[2K[1G[2K[1G[2K[1G[2K[1G[2K[1G[2K[1G[2K[1G[2K[1G










[1;1H[0J[32m✓[39m 1158 modules transformed. [33m(x3)[39m
[2K[1Grendering chunks (1)...[2K[1Grendering chunks (2)...[2K[1Grendering chunks (3)...[2K[1Grendering chunks (4)...[2K[1Grendering chunks (5)...[2K[1Grendering chunks (6)...[2K[1Grendering chunks (7)...[2K[1Grendering chunks (8)...[2K[1Grendering chunks (9)...[2K[1Grendering chunks (10)...[2K[1Grendering chunks (11)...[2K[1Grendering chunks (12)...[2K[1Grendering chunks (13)...[2K[1Grendering chunks (14)...[2K[1Grendering chunks (15)...[2K[1Grendering chunks (16)...[2K[1Grendering chunks (17)...[2K[1Grendering chunks (18)...[2K[1Grendering chunks (19)...[2K[1Grendering chunks (20)...[2K[1Grendering chunks (21)...[2K[1Grendering chunks (22)...[2K[1Grendering chunks (23)...[2K[1Grendering chunks (24)...[2K[1Grendering chunks (25)...[2K[1Grendering chunks (26)...[2K[1Grendering chunks (27)...[2K[1Grendering chunks (28)...[2K[1Grendering chunks (29)...[2K[1Grendering chunks (30)...[2K[1Grendering chunks (31)...[2K[1Grendering chunks (32)...[2K[1Grendering chunks (33)...[2K[1Grendering chunks (34)...[2K[1Grendering chunks (35)...[2K[1Grendering chunks (36)...[2K[1Grendering chunks (37)...[2K[1Grendering chunks (38)...[2K[1Grendering chunks (39)...[2K[1Grendering chunks (40)...[2K[1Grendering chunks (41)...[2K[1Grendering chunks (42)...[2K[1Grendering chunks (43)...[2K[1Grendering chunks (44)...[2K[1Grendering chunks (45)...[2K[1Grendering chunks (46)...[2K[1Grendering chunks (47)...[2K[1Grendering chunks (48)...[2K[1Grendering chunks (49)...[2K[1Grendering chunks (50)...[2K[1Grendering chunks (51)...[2K[1Grendering chunks (52)...[2K[1Grendering chunks (53)...[2K[1Grendering chunks (54)...[2K[1Grendering chunks (55)...[2K[1Grendering chunks (56)...[2K[1Grendering chunks (57)...[2K[1Grendering chunks (58)...[2K[1Grendering chunks (59)...[2K[1Grendering chunks (60)...[2K[1Grendering chunks (61)...[2K[1Grendering chunks (62)...[2K[1Grendering chunks (63)...[2K[1Grendering chunks (64)...[2K[1Grendering chunks (65)...[2K[1Grendering chunks (66)...[2K[1Grendering chunks (67)...[2K[1Grendering chunks (68)...[2K[1Grendering chunks (69)...[2K[1Grendering chunks (70)...[2K[1Grendering chunks (71)...[2K[1Grendering chunks (72)...[2K[1Grendering chunks (73)...[2K[1Grendering chunks (74)...[2K[1Grendering chunks (75)...[2K[1Grendering chunks (76)...[2K[1Grendering chunks (77)...[2K[1G[33m[plugin vite:reporter] 
(!) /home/bappu/websitenew/web/univer/packages/engine-render/src/components/docs/layout/hyphenation/patterns/en-us.ts is dynamically imported by /home/bappu/websitenew/web/univer/packages/engine-render/src/components/docs/layout/hyphenation/hyphen.ts but also statically imported by /home/bappu/websitenew/web/univer/packages/engine-render/src/components/docs/layout/hyphenation/hyphen.ts, dynamic import will not move module into another chunk.
[39m
[2K[1Grendering chunks (78)...[2K[1G[32m
[36m[vite:dts][32m Start generate declaration files...[39m
[2K[1Gcomputing gzip size (0)...[2K[1Gcomputing gzip size (1)...[2K[1Gcomputing gzip size (2)...[2K[1Gcomputing gzip size (3)...[2K[1Gcomputing gzip size (4)...[2K[1Gcomputing gzip size (5)...[2K[1Gcomputing gzip size (6)...[2K[1Gcomputing gzip size (7)...[2K[1Gcomputing gzip size (8)...[2K[1Gcomputing gzip size (9)...[2K[1Gcomputing gzip size (10)...[2K[1Gcomputing gzip size (11)...[2K[1Gcomputing gzip size (12)...[2K[1Gcomputing gzip size (13)...[2K[1Gcomputing gzip size (14)...[2K[1Gcomputing gzip size (15)...[2K[1Gcomputing gzip size (16)...[2K[1Gcomputing gzip size (17)...[2K[1Gcomputing gzip size (18)...[2K[1Gcomputing gzip size (19)...[2K[1Gcomputing gzip size (20)...[2K[1Gcomputing gzip size (21)...[2K[1Gcomputing gzip size (22)...[2K[1Gcomputing gzip size (23)...[2K[1Gcomputing gzip size (24)...[2K[1Gcomputing gzip size (25)...[2K[1Gcomputing gzip size (26)...[2K[1Gcomputing gzip size (27)...[2K[1Gcomputing gzip size (28)...[2K[1Gcomputing gzip size (29)...[2K[1Gcomputing gzip size (30)...[2K[1Gcomputing gzip size (31)...[2K[1Gcomputing gzip size (32)...[2K[1Gcomputing gzip size (33)...[2K[1Gcomputing gzip size (34)...[2K[1Gcomputing gzip size (35)...[2K[1Gcomputing gzip size (36)...[2K[1Gcomputing gzip size (37)...[2K[1Gcomputing gzip size (38)...[2K[1Gcomputing gzip size (39)...[2K[1Gcomputing gzip size (40)...[2K[1Gcomputing gzip size (41)...[2K[1Gcomputing gzip size (42)...[2K[1Gcomputing gzip size (43)...[2K[1Gcomputing gzip size (44)...[2K[1Gcomputing gzip size (45)...[2K[1Gcomputing gzip size (46)...[2K[1Gcomputing gzip size (47)...[2K[1Gcomputing gzip size (48)...[2K[1Gcomputing gzip size (49)...[2K[1Gcomputing gzip size (50)...[2K[1Gcomputing gzip size (51)...[2K[1Gcomputing gzip size (52)...[2K[1Gcomputing gzip size (53)...[2K[1Gcomputing gzip size (54)...[2K[1Gcomputing gzip size (55)...[2K[1Gcomputing gzip size (56)...[2K[1Gcomputing gzip size (57)...[2K[1Gcomputing gzip size (58)...[2K[1Gcomputing gzip size (59)...[2K[1Gcomputing gzip size (60)...[2K[1Gcomputing gzip size (61)...[2K[1Gcomputing gzip size (62)...[2K[1Gcomputing gzip size (63)...[2K[1Gcomputing gzip size (64)...[2K[1Gcomputing gzip size (65)...[2K[1Gcomputing gzip size (66)...[2K[1Gcomputing gzip size (67)...[2K[1Gcomputing gzip size (68)...[2K[1Gcomputing gzip size (69)...[2K[1Gcomputing gzip size (70)...[2K[1Gcomputing gzip size (71)...[2K[1Gcomputing gzip size (72)...[2K[1Gcomputing gzip size (73)...[2K[1Gcomputing gzip size (74)...[2K[1Gcomputing gzip size (75)...[2K[1Gcomputing gzip size (76)...[2K[1Gcomputing gzip size (77)...[2K[1Gcomputing gzip size (78)...[2K[1G[2mlib/[22m[36mpa-hPrNXZT3.js              [39m[1m[2m    0.61 kB[22m[1m[22m[2m │ gzip:   0.30 kB[22m
[2mlib/[22m[36mor-jsnjw3Ub.js              [39m[1m[2m    0.65 kB[22m[1m[22m[2m │ gzip:   0.31 kB[22m
[2mlib/[22m[36mgu-BY7u7h16.js              [39m[1m[2m    0.66 kB[22m[1m[22m[2m │ gzip:   0.31 kB[22m
[2mlib/[22m[36mhi-C-5ieQXc.js              [39m[1m[2m    0.69 kB[22m[1m[22m[2m │ gzip:   0.31 kB[22m
[2mlib/[22m[36mmr-Dj3WJyra.js              [39m[1m[2m    0.69 kB[22m[1m[22m[2m │ gzip:   0.31 kB[22m
[2mlib/[22m[36mas-CjArMJFb.js              [39m[1m[2m    0.70 kB[22m[1m[22m[2m │ gzip:   0.33 kB[22m
[2mlib/[22m[36mbn-CzN_X48q.js              [39m[1m[2m    0.70 kB[22m[1m[22m[2m │ gzip:   0.33 kB[22m
[2mlib/[22m[36mte-B-G6LBfO.js              [39m[1m[2m    0.70 kB[22m[1m[22m[2m │ gzip:   0.32 kB[22m
[2mlib/[22m[36mkn-CcH8nt5Q.js              [39m[1m[2m    0.71 kB[22m[1m[22m[2m │ gzip:   0.32 kB[22m
[2mlib/[22m[36mta-CXbw1QC7.js              [39m[1m[2m    0.79 kB[22m[1m[22m[2m │ gzip:   0.32 kB[22m
[2mlib/[22m[36mml-BO_9pI9i.js              [39m[1m[2m    0.89 kB[22m[1m[22m[2m │ gzip:   0.37 kB[22m
[2mlib/[22m[36mpi-BMimJqFv.js              [39m[1m[2m    0.93 kB[22m[1m[22m[2m │ gzip:   0.42 kB[22m
[2mlib/[22m[36mzh-latn-pinyin-CDkfr_AT.js  [39m[1m[2m    1.36 kB[22m[1m[22m[2m │ gzip:   0.28 kB[22m
[2mlib/[22m[36meu-BzxYxH10.js              [39m[1m[2m    1.59 kB[22m[1m[22m[2m │ gzip:   0.28 kB[22m
[2mlib/[22m[36mpt-Csy9T_gC.js              [39m[1m[2m    2.37 kB[22m[1m[22m[2m │ gzip:   0.37 kB[22m
[2mlib/[22m[36mid-DOctqhne.js              [39m[1m[2m    2.60 kB[22m[1m[22m[2m │ gzip:   0.70 kB[22m
[2mlib/[22m[36moc-CXZWE4qs.js              [39m[1m[2m    2.64 kB[22m[1m[22m[2m │ gzip:   0.74 kB[22m
[2mlib/[22m[36mkmr-B0Ded4M9.js             [39m[1m[2m    2.81 kB[22m[1m[22m[2m │ gzip:   0.87 kB[22m
[2mlib/[22m[36mfi-Bj3oNcU6.js              [39m[1m[2m    3.27 kB[22m[1m[22m[2m │ gzip:   0.85 kB[22m
[2mlib/[22m[36mla-DWb6TMoE.js              [39m[1m[2m    3.27 kB[22m[1m[22m[2m │ gzip:   0.70 kB[22m
[2mlib/[22m[36mpms-ePVMMGP-.js             [39m[1m[2m    3.46 kB[22m[1m[22m[2m │ gzip:   0.98 kB[22m
[2mlib/[22m[36mit-CXFCeNV4.js              [39m[1m[2m    3.70 kB[22m[1m[22m[2m │ gzip:   0.94 kB[22m
[2mlib/[22m[36mrm-DS5uuP_L.js              [39m[1m[2m    3.75 kB[22m[1m[22m[2m │ gzip:   1.02 kB[22m
[2mlib/[22m[36mmul-ethi-DlLhqlDf.js        [39m[1m[2m    3.76 kB[22m[1m[22m[2m │ gzip:   1.01 kB[22m
[2mlib/[22m[36mfur-fogKIIFe.js             [39m[1m[2m    3.98 kB[22m[1m[22m[2m │ gzip:   1.09 kB[22m
[2mlib/[22m[36mtr-Coi-iq3L.js              [39m[1m[2m    4.05 kB[22m[1m[22m[2m │ gzip:   0.40 kB[22m
[2mlib/[22m[36mmn-cyrl-x-lmc-UJaI6njT.js   [39m[1m[2m    4.90 kB[22m[1m[22m[2m │ gzip:   1.29 kB[22m
[2mlib/[22m[36mel-monoton-x4pPIDMS.js      [39m[1m[2m    4.95 kB[22m[1m[22m[2m │ gzip:   0.97 kB[22m
[2mlib/[22m[36mia-CjzS5si8.js              [39m[1m[2m    6.57 kB[22m[1m[22m[2m │ gzip:   1.90 kB[22m
[2mlib/[22m[36mcop-BEWZjlEN.js             [39m[1m[2m    6.97 kB[22m[1m[22m[2m │ gzip:   0.79 kB[22m
[2mlib/[22m[36mro-C3B47EH9.js              [39m[1m[2m    7.35 kB[22m[1m[22m[2m │ gzip:   2.21 kB[22m
[2mlib/[22m[36mca-4AzMzC5n.js              [39m[1m[2m    7.94 kB[22m[1m[22m[2m │ gzip:   1.20 kB[22m
[2mlib/[22m[36mla-x-classic-DsHZBRDM.js    [39m[1m[2m    9.01 kB[22m[1m[22m[2m │ gzip:   2.39 kB[22m
[2mlib/[22m[36msa-C3-ZGfmL.js              [39m[1m[2m    9.79 kB[22m[1m[22m[2m │ gzip:   1.74 kB[22m
[2mlib/[22m[36mhr-DJsWIgpy.js              [39m[1m[2m   11.44 kB[22m[1m[22m[2m │ gzip:   1.02 kB[22m
[2mlib/[22m[36mhy-C4deAxX3.js              [39m[1m[2m   12.01 kB[22m[1m[22m[2m │ gzip:   0.37 kB[22m
[2mlib/[22m[36mmn-cyrl-nBGEBxGh.js         [39m[1m[2m   12.23 kB[22m[1m[22m[2m │ gzip:   2.23 kB[22m
[2mlib/[22m[36msl-WLFwiIjH.js              [39m[1m[2m   12.68 kB[22m[1m[22m[2m │ gzip:   3.47 kB[22m
[2mlib/[22m[36mda-B9Og8Jrv.js              [39m[1m[2m   12.80 kB[22m[1m[22m[2m │ gzip:   3.53 kB[22m
[2mlib/[22m[36mhsb-B_sJZsNY.js             [39m[1m[2m   14.09 kB[22m[1m[22m[2m │ gzip:   2.01 kB[22m
[2mlib/[22m[36mlt-CtvK-cL5.js              [39m[1m[2m   14.85 kB[22m[1m[22m[2m │ gzip:   3.67 kB[22m
[2mlib/[22m[36mtk-DbM2vAMc.js              [39m[1m[2m   17.04 kB[22m[1m[22m[2m │ gzip:   1.06 kB[22m
[2mlib/[22m[36mel-polyton-BmPHG29Z.js      [39m[1m[2m   17.70 kB[22m[1m[22m[2m │ gzip:   2.96 kB[22m
[2mlib/[22m[36mla-x-liturgic-C3OkOI_x.js   [39m[1m[2m   22.90 kB[22m[1m[22m[2m │ gzip:   5.79 kB[22m
[2mlib/[22m[36mfr-DTLd-5Zd.js              [39m[1m[2m   24.21 kB[22m[1m[22m[2m │ gzip:   4.37 kB[22m
[2mlib/[22m[36mka-CgSJi2CU.js              [39m[1m[2m   26.27 kB[22m[1m[22m[2m │ gzip:   4.61 kB[22m
[2mlib/[22m[36mbe-D_7towMQ.js              [39m[1m[2m   27.91 kB[22m[1m[22m[2m │ gzip:   2.32 kB[22m
[2mlib/[22m[36msh-latn-BdtcwkQ7.js         [39m[1m[2m   29.86 kB[22m[1m[22m[2m │ gzip:   5.36 kB[22m
[2mlib/[22m[36msr-cyrl-BspApXN7.js         [39m[1m[2m   31.68 kB[22m[1m[22m[2m │ gzip:   5.66 kB[22m
[2mlib/[22m[36msk-BcST003l.js              [39m[1m[2m   31.77 kB[22m[1m[22m[2m │ gzip:   6.87 kB[22m
[2mlib/[22m[36msh-cyrl-CstO-G-Y.js         [39m[1m[2m   32.57 kB[22m[1m[22m[2m │ gzip:   5.55 kB[22m
[2mlib/[22m[36mgl-CADHCwzT.js              [39m[1m[2m   33.72 kB[22m[1m[22m[2m │ gzip:   4.34 kB[22m
[2mlib/[22m[36mcs-DilIWlcM.js              [39m[1m[2m   39.84 kB[22m[1m[22m[2m │ gzip:  10.03 kB[22m
[2mlib/[22m[36mes-CiNTJwZN.js              [39m[1m[2m   44.21 kB[22m[1m[22m[2m │ gzip:   6.35 kB[22m
[2mlib/[22m[36mpl-Cw-Bhtot.js              [39m[1m[2m   46.17 kB[22m[1m[22m[2m │ gzip:   7.78 kB[22m
[2mlib/[22m[36met-BK1e_cVg.js              [39m[1m[2m   47.29 kB[22m[1m[22m[2m │ gzip:  11.51 kB[22m
[2mlib/[22m[36mis-D47CXCCB.js              [39m[1m[2m   48.49 kB[22m[1m[22m[2m │ gzip:  12.80 kB[22m
[2mlib/[22m[36msv-BLAl9qmR.js              [39m[1m[2m   56.89 kB[22m[1m[22m[2m │ gzip:  14.50 kB[22m
[2mlib/[22m[36mbg-CZclBlFV.js              [39m[1m[2m   57.00 kB[22m[1m[22m[2m │ gzip:   4.93 kB[22m
[2mlib/[22m[36muk-DWrud5zx.js              [39m[1m[2m   64.07 kB[22m[1m[22m[2m │ gzip:   8.75 kB[22m
[2mlib/[22m[36mth-YaLTc5g-.js              [39m[1m[2m   68.70 kB[22m[1m[22m[2m │ gzip:  13.38 kB[22m
[2mlib/[22m[36mgrc-OmY_teO1.js             [39m[1m[2m   71.69 kB[22m[1m[22m[2m │ gzip:   9.03 kB[22m
[2mlib/[22m[36mcy-FA5QTAU-.js              [39m[1m[2m   80.27 kB[22m[1m[22m[2m │ gzip:  19.13 kB[22m
[2mlib/[22m[36mga-6eamJRA4.js              [39m[1m[2m   82.22 kB[22m[1m[22m[2m │ gzip:  20.13 kB[22m
[2mlib/[22m[36mru-CxgIVOvF.js              [39m[1m[2m   85.39 kB[22m[1m[22m[2m │ gzip:  17.06 kB[22m
[2mlib/[22m[36men-gb-d0UnX3NQ.js           [39m[1m[2m  105.46 kB[22m[1m[22m[2m │ gzip:  26.19 kB[22m
[2mlib/[22m[36mlv-VSwy7KIF.js              [39m[1m[2m  112.75 kB[22m[1m[22m[2m │ gzip:  16.18 kB[22m
[2mlib/[22m[36mnl-CeCra09K.js              [39m[1m[2m  138.59 kB[22m[1m[22m[2m │ gzip:  36.19 kB[22m
[2mlib/[22m[36mcu-Dv6XbTRy.js              [39m[1m[2m  168.88 kB[22m[1m[22m[2m │ gzip:  26.29 kB[22m
[2mlib/[22m[36maf-B8CRNkjo.js              [39m[1m[2m  179.97 kB[22m[1m[22m[2m │ gzip:  39.06 kB[22m
[2mlib/[22m[36mde-ch-1901-CRFO4pck.js      [39m[1m[2m  264.42 kB[22m[1m[22m[2m │ gzip:  70.59 kB[22m
[2mlib/[22m[36mde-1996-7qRQHbDz.js         [39m[1m[2m  267.02 kB[22m[1m[22m[2m │ gzip:  71.16 kB[22m
[2mlib/[22m[36mde-1901-zEkwrFOx.js         [39m[1m[2m  270.12 kB[22m[1m[22m[2m │ gzip:  71.95 kB[22m
[2mlib/[22m[36mno-rn8_SRru.js              [39m[1m[2m  341.98 kB[22m[1m[22m[2m │ gzip:  87.93 kB[22m
[2mlib/[22m[36mnb-DpyDJynR.js              [39m[1m[2m  342.00 kB[22m[1m[22m[2m │ gzip:  87.94 kB[22m
[2mlib/[22m[36mnn-zBMUfwWO.js              [39m[1m[2m  342.00 kB[22m[1m[22m[2m │ gzip:  87.94 kB[22m
[2mlib/[22m[36mhu-yaDSgvAn.js              [39m[1m[33m  765.48 kB[39m[22m[2m │ gzip: 172.93 kB[22m
[2mlib/[22m[36mcjs/index.js                [39m[1m[33m1,153.59 kB[39m[22m[2m │ gzip: 349.00 kB[22m
[32m[36m[vite:dts][32m Declaration files built in 8134ms.
[39m
[32m✓ built in 17.54s[39m
[2K[1Grendering chunks (1)...[2K[1G[2K[1Grendering chunks (1)...[2K[1G[2K[1Gcomputing gzip size (0)...[2K[1Gcomputing gzip size (0)...[2K[1Gcomputing gzip size (1)...[2K[1G[2mlib/[22m[36mumd/index.js  [39m[1m[33m5,728.96 kB[39m[22m[2m │ gzip: 1,378.68 kB[22m
[32m✓ built in 18.20s[39m
[2K[1Gcomputing gzip size (1)...[2K[1G[2mlib/[22m[36mes/index.js  [39m[1m[33m6,169.11 kB[39m[22m[2m │ gzip: 1,452.50 kB[22m
[32m✓ built in 18.23s[39m
[1G[0K⠙[1G[0K
