

> @univerjs/sheets-table@0.12.4 build /home/bappu/websitenew/web/univer/packages/sheets-table
> univer-cli build

[1G[0K⠙[1G[0K[32m
Vite@7.2.6 vite-plugin-external@6.2.2[39m
[36mvite v7.2.6 [32mbuilding client environment for production...[36m[39m











[1;1H[0J[36mvite v7.2.6 [32mbuilding client environment for production...[36m[39m [33m(x2)[39m











[1;1H[0J[36mvite v7.2.6 [32mbuilding client environment for production...[36m[39m [33m(x3)[39m











[1;1H[0J[36mvite v7.2.6 [32mbuilding client environment for production...[36m[39m [33m(x4)[39m











[1;1H[0J[36mvite v7.2.6 [32mbuilding client environment for production...[36m[39m [33m(x5)[39m











[1;1H[0J[36mvite v7.2.6 [32mbuilding client environment for production...[36m[39m [33m(x6)[39m
[2K[1Gtransforming (1) [2msrc/facade/index.ts[22m[2K[1Gtransforming (1) [2msrc/facade/index.ts[22m[2K[1Gtransforming (1) [2msrc/index.ts[22m[2K[1Gtransforming (1) [2msrc/index.ts[22m[2K[1Gtransforming (1) [2msrc/index.ts[22m[2K[1Gtransforming (1) [2msrc/facade/index.ts[22m[2K[1G[32m✓[39m 4 modules transformed.
[2K[1G










[1;1H[0J[32m✓[39m 4 modules transformed. [33m(x2)[39m
[2K[1Gtransforming (2) [2msrc/facade/f-enum.ts[22m[2K[1Gtransforming (2) [2msrc/const.ts[22m[2K[1Gtransforming (5) [2msrc/services/table-service.ts[22m[2K[1Gtransforming (5) [2msrc/controllers/table-theme.factory.ts[22m[2K[1G










[1;1H[0J[32m✓[39m 4 modules transformed. [33m(x3)[39m
[2K[1Grendering chunks (1)...[2K[1Grendering chunks (1)...[2K[1G[2K[1G[2K[1Gtransforming (18) [2msrc/commands/commands/remove-table-theme.command.ts[22m[2K[1Grendering chunks (1)...[2K[1Gtransforming (21) [2msrc/controllers/config.schema.ts[22m[2K[1G[2K[1Gtransforming (21) [2msrc/controllers/config.schema.ts[22m[32m
[36m[vite:dts][32m Start generate declaration files...[39m
[2K[1Gcomputing gzip size (0)...[2K[1Gcomputing gzip size (0)...[2K[1Gtransforming (27) [2msrc/model/filter-util/condition.ts[22m[2K[1Gcomputing gzip size (0)...[2K[1Gcomputing gzip size (1)...[2K[1G[2mlib/[22m[36mes/facade.js  [39m[1m[2m5.01 kB[22m[1m[22m[2m │ gzip: 1.28 kB[22m
[2K[1Gcomputing gzip size (1)...[2K[1G[2mlib/[22m[36mcjs/facade.js  [39m[1m[2m4.09 kB[22m[1m[22m[2m │ gzip: 1.11 kB[22m
[32m✓ built in 14.92s[39m
[2K[1Gcomputing gzip size (1)...[2K[1G[2mlib/[22m[36mumd/facade.js  [39m[1m[2m4.46 kB[22m[1m[22m[2m │ gzip: 1.24 kB[22m
[32m✓ built in 14.97s[39m
[2K[1Gtransforming (31) [2msrc/model/filter-util/text-filter-util.ts[22m[2K[1Gtransforming (31) [2msrc/model/filter-util/text-filter-util.ts[22m[2K[1Gtransforming (31) [2msrc/model/filter-util/text-filter-util.ts[22m[32m[36m[vite:dts][32m Declaration files built in 14585ms.
[39m
[32m✓ built in 15.09s[39m
[2K[1Gtransforming (35) [2msrc/model/filter-util/top-n.ts[22m[2K[1Gtransforming (35) [2msrc/model/filter-util/top-n.ts[22m[2K[1G[32m✓[39m 35 modules transformed.
[2K[1G










[1;1H[0J[32m✓[39m 35 modules transformed. [33m(x2)[39m
[2K[1G










[1;1H[0J[32m✓[39m 35 modules transformed. [33m(x3)[39m
[2K[1Grendering chunks (1)...[2K[1G[2K[1Gcomputing gzip size (0)...[2K[1Gcomputing gzip size (1)...[2K[1G[2mlib/[22m[36mes/index.js  [39m[1m[2m91.28 kB[22m[1m[22m[2m │ gzip: 17.27 kB[22m
[32m✓ built in 15.52s[39m
[2K[1Grendering chunks (1)...[2K[1G[2K[1Grendering chunks (1)...[2K[1G[2K[1Gcomputing gzip size (0)...[2K[1Gcomputing gzip size (0)...[2K[1Gcomputing gzip size (1)...[2K[1G[2mlib/[22m[36mumd/index.js  [39m[1m[2m61.64 kB[22m[1m[22m[2m │ gzip: 14.02 kB[22m
[32m✓ built in 15.56s[39m
[2K[1Gcomputing gzip size (1)...[2K[1G[2mlib/[22m[36mcjs/index.js  [39m[1m[2m61.71 kB[22m[1m[22m[2m │ gzip: 13.88 kB[22m
[32m✓ built in 15.56s[39m
[1G[0K⠙[1G[0K
