

> @univerjs/design@0.12.4 build /home/bappu/websitenew/web/univer/packages/design
> univer-cli build

[1G[0K⠙[1G[0K[32m
Vite@7.2.6 vite-plugin-external@6.2.2[39m
[36mvite v7.2.6 [32mbuilding client environment for production...[36m[39m











[1;1H[0J[36mvite v7.2.6 [32mbuilding client environment for production...[36m[39m [33m(x2)[39m











[1;1H[0J[36mvite v7.2.6 [32mbuilding client environment for production...[36m[39m [33m(x3)[39m











[1;1H[0J[36mvite v7.2.6 [32mbuilding client environment for production...[36m[39m [33m(x4)[39m











[1;1H[0J[36mvite v7.2.6 [32mbuilding client environment for production...[36m[39m [33m(x5)[39m











[1;1H[0J[36mvite v7.2.6 [32mbuilding client environment for production...[36m[39m [33m(x6)[39m











[1;1H[0J[36mvite v7.2.6 [32mbuilding client environment for production...[36m[39m [33m(x7)[39m











[1;1H[0J[36mvite v7.2.6 [32mbuilding client environment for production...[36m[39m [33m(x8)[39m











[1;1H[0J[36mvite v7.2.6 [32mbuilding client environment for production...[36m[39m [33m(x9)[39m











[1;1H[0J[36mvite v7.2.6 [32mbuilding client environment for production...[36m[39m [33m(x10)[39m











[1;1H[0J[36mvite v7.2.6 [32mbuilding client environment for production...[36m[39m [33m(x11)[39m











[1;1H[0J[36mvite v7.2.6 [32mbuilding client environment for production...[36m[39m [33m(x12)[39m











[1;1H[0J[36mvite v7.2.6 [32mbuilding client environment for production...[36m[39m [33m(x13)[39m











[1;1H[0J[36mvite v7.2.6 [32mbuilding client environment for production...[36m[39m [33m(x14)[39m











[1;1H[0J[36mvite v7.2.6 [32mbuilding client environment for production...[36m[39m [33m(x15)[39m











[1;1H[0J[36mvite v7.2.6 [32mbuilding client environment for production...[36m[39m [33m(x16)[39m











[1;1H[0J[36mvite v7.2.6 [32mbuilding client environment for production...[36m[39m [33m(x17)[39m











[1;1H[0J[36mvite v7.2.6 [32mbuilding client environment for production...[36m[39m [33m(x18)[39m











[1;1H[0J[36mvite v7.2.6 [32mbuilding client environment for production...[36m[39m [33m(x19)[39m











[1;1H[0J[36mvite v7.2.6 [32mbuilding client environment for production...[36m[39m [33m(x20)[39m











[1;1H[0J[36mvite v7.2.6 [32mbuilding client environment for production...[36m[39m [33m(x21)[39m











[1;1H[0J[36mvite v7.2.6 [32mbuilding client environment for production...[36m[39m [33m(x22)[39m











[1;1H[0J[36mvite v7.2.6 [32mbuilding client environment for production...[36m[39m [33m(x23)[39m











[1;1H[0J[36mvite v7.2.6 [32mbuilding client environment for production...[36m[39m [33m(x24)[39m











[1;1H[0J[36mvite v7.2.6 [32mbuilding client environment for production...[36m[39m [33m(x25)[39m











[1;1H[0J[36mvite v7.2.6 [32mbuilding client environment for production...[36m[39m [33m(x26)[39m











[1;1H[0J[36mvite v7.2.6 [32mbuilding client environment for production...[36m[39m [33m(x27)[39m











[1;1H[0J[36mvite v7.2.6 [32mbuilding client environment for production...[36m[39m [33m(x28)[39m











[1;1H[0J[36mvite v7.2.6 [32mbuilding client environment for production...[36m[39m [33m(x29)[39m











[1;1H[0J[36mvite v7.2.6 [32mbuilding client environment for production...[36m[39m [33m(x30)[39m











[1;1H[0J[36mvite v7.2.6 [32mbuilding client environment for production...[36m[39m [33m(x31)[39m











[1;1H[0J[36mvite v7.2.6 [32mbuilding client environment for production...[36m[39m [33m(x32)[39m











[1;1H[0J[36mvite v7.2.6 [32mbuilding client environment for production...[36m[39m [33m(x33)[39m











[1;1H[0J[36mvite v7.2.6 [32mbuilding client environment for production...[36m[39m [33m(x34)[39m











[1;1H[0J[36mvite v7.2.6 [32mbuilding client environment for production...[36m[39m [33m(x35)[39m











[1;1H[0J[36mvite v7.2.6 [32mbuilding client environment for production...[36m[39m [33m(x36)[39m
[2K[1Gtransforming (1) [2msrc/index.ts[22m[2K[1Gtransforming (1) [2msrc/index.ts[22m[2K[1Gtransforming (1) [2msrc/locale/en-US.ts[22m[2K[1Gtransforming (1) [2msrc/index.ts[22m[2K[1G[32m✓[39m 1 modules transformed.
[2K[1Gtransforming (1) [2msrc/locale/fa-IR.ts[22m[2K[1Gtransforming (1) [2msrc/locale/ja-JP.ts[22m[2K[1Gtransforming (1) [2msrc/locale/ko-KR.ts[22m[2K[1Gtransforming (1) [2msrc/locale/ca-ES.ts[22m[2K[1Gtransforming (1) [2msrc/locale/fr-FR.ts[22m[2K[1Gtransforming (1) [2msrc/locale/en-US.ts[22m[2K[1Gtransforming (1) [2msrc/locale/ru-RU.ts[22m[2K[1Gtransforming (1) [2msrc/locale/zh-TW.ts[22m[2K[1Gtransforming (1) [2msrc/locale/zh-CN.ts[22m[2K[1Gtransforming (1) [2msrc/locale/zh-TW.ts[22m[2K[1Gtransforming (1) [2msrc/locale/fr-FR.ts[22m[2K[1Gtransforming (1) [2msrc/locale/zh-CN.ts[22m[2K[1Gtransforming (1) [2msrc/locale/es-ES.ts[22m[2K[1Gtransforming (1) [2msrc/locale/ca-ES.ts[22m[2K[1Gtransforming (1) [2msrc/locale/es-ES.ts[22m[2K[1Gtransforming (1) [2msrc/locale/ko-KR.ts[22m[2K[1Gtransforming (1) [2msrc/locale/ja-JP.ts[22m[2K[1Gtransforming (1) [2msrc/locale/fa-IR.ts[22m[2K[1Gtransforming (1) [2msrc/locale/fa-IR.ts[22m[2K[1Gtransforming (1) [2msrc/locale/vi-VN.ts[22m[2K[1Gtransforming (1) [2msrc/locale/fr-FR.ts[22m[2K[1Gtransforming (1) [2msrc/locale/es-ES.ts[22m[2K[1Gtransforming (1) [2msrc/locale/vi-VN.ts[22m[2K[1Gtransforming (1) [2msrc/locale/ru-RU.ts[22m[2K[1Gtransforming (1) [2msrc/locale/en-US.ts[22m[2K[1Gtransforming (1) [2msrc/locale/vi-VN.ts[22m[2K[1Gtransforming (1) [2msrc/locale/ko-KR.ts[22m[2K[1Gtransforming (1) [2msrc/locale/ja-JP.ts[22m[2K[1Gtransforming (1) [2msrc/locale/zh-TW.ts[22m[2K[1Gtransforming (1) [2msrc/locale/zh-CN.ts[22m[2K[1Gtransforming (1) [2msrc/locale/ru-RU.ts[22m[2K[1G










[1;1H[0J[32m✓[39m 1 modules transformed. [33m(x2)[39m
[2K[1G










[1;1H[0J[32m✓[39m 1 modules transformed. [33m(x3)[39m
[2K[1G










[1;1H[0J[32m✓[39m 1 modules transformed. [33m(x4)[39m
[2K[1G










[1;1H[0J[32m✓[39m 1 modules transformed. [33m(x5)[39m
[2K[1G










[1;1H[0J[32m✓[39m 1 modules transformed. [33m(x6)[39m
[2K[1G










[1;1H[0J[32m✓[39m 1 modules transformed. [33m(x7)[39m
[2K[1G










[1;1H[0J[32m✓[39m 1 modules transformed. [33m(x8)[39m
[2K[1G










[1;1H[0J[32m✓[39m 1 modules transformed. [33m(x9)[39m
[2K[1G










[1;1H[0J[32m✓[39m 1 modules transformed. [33m(x10)[39m
[2K[1G










[1;1H[0J[32m✓[39m 1 modules transformed. [33m(x11)[39m
[2K[1G










[1;1H[0J[32m✓[39m 1 modules transformed. [33m(x12)[39m
[2K[1G










[1;1H[0J[32m✓[39m 1 modules transformed. [33m(x13)[39m
[2K[1G










[1;1H[0J[32m✓[39m 1 modules transformed. [33m(x14)[39m
[2K[1G










[1;1H[0J[32m✓[39m 1 modules transformed. [33m(x15)[39m
[2K[1G










[1;1H[0J[32m✓[39m 1 modules transformed. [33m(x16)[39m
[2K[1G










[1;1H[0J[32m✓[39m 1 modules transformed. [33m(x17)[39m
[2K[1G










[1;1H[0J[32m✓[39m 1 modules transformed. [33m(x18)[39m
[2K[1G










[1;1H[0J[32m✓[39m 1 modules transformed. [33m(x19)[39m
[2K[1G










[1;1H[0J[32m✓[39m 1 modules transformed. [33m(x20)[39m
[2K[1G










[1;1H[0J[32m✓[39m 1 modules transformed. [33m(x21)[39m
[2K[1G










[1;1H[0J[32m✓[39m 1 modules transformed. [33m(x22)[39m
[2K[1G










[1;1H[0J[32m✓[39m 1 modules transformed. [33m(x23)[39m
[2K[1G










[1;1H[0J[32m✓[39m 1 modules transformed. [33m(x24)[39m
[2K[1G










[1;1H[0J[32m✓[39m 1 modules transformed. [33m(x25)[39m
[2K[1G










[1;1H[0J[32m✓[39m 1 modules transformed. [33m(x26)[39m
[2K[1G










[1;1H[0J[32m✓[39m 1 modules transformed. [33m(x27)[39m
[2K[1G










[1;1H[0J[32m✓[39m 1 modules transformed. [33m(x28)[39m
[2K[1G










[1;1H[0J[32m✓[39m 1 modules transformed. [33m(x29)[39m
[2K[1G










[1;1H[0J[32m✓[39m 1 modules transformed. [33m(x30)[39m
[2K[1G










[1;1H[0J[32m✓[39m 1 modules transformed. [33m(x31)[39m
[2K[1G










[1;1H[0J[32m✓[39m 1 modules transformed. [33m(x32)[39m
[baseline-browser-mapping] The data in this module is over two months old.  To ensure accurate Baseline data, please update: `npm i baseline-browser-mapping@latest -D`
[baseline-browser-mapping] The data in this module is over two months old.  To ensure accurate Baseline data, please update: `npm i baseline-browser-mapping@latest -D`
Browserslist: browsers data (caniuse-lite) is 6 months old. Please run:
  npx update-browserslist-db@latest
  Why you should do it regularly: https://github.com/browserslist/update-db#readme
[2K[1Grendering chunks (1)...[2K[1Grendering chunks (1)...[2K[1Grendering chunks (1)...[2K[1Grendering chunks (1)...[2K[1Grendering chunks (1)...[2K[1Grendering chunks (1)...[2K[1Grendering chunks (1)...[2K[1Grendering chunks (1)...[2K[1Grendering chunks (1)...[2K[1Grendering chunks (1)...[2K[1Grendering chunks (1)...[2K[1Grendering chunks (1)...[2K[1Grendering chunks (1)...[2K[1Grendering chunks (1)...[2K[1Grendering chunks (1)...[2K[1Grendering chunks (1)...[2K[1Grendering chunks (1)...[2K[1Grendering chunks (1)...[2K[1Grendering chunks (1)...[2K[1Grendering chunks (1)...[2K[1Grendering chunks (1)...[2K[1Grendering chunks (1)...[2K[1Grendering chunks (1)...[2K[1Grendering chunks (1)...[2K[1Grendering chunks (1)...[2K[1Grendering chunks (1)...[2K[1Grendering chunks (1)...[2K[1Grendering chunks (1)...[2K[1Grendering chunks (1)...[2K[1Gtransforming (1) [2msrc/locale/ca-ES.ts[22m[2K[1G[2K[1G[2K[1G[2K[1G[2K[1G[2K[1G[2K[1G[2K[1G[2K[1G[2K[1G[2K[1G[2K[1G[2K[1G[2K[1G[2K[1G[2K[1G[2K[1G[2K[1G[2K[1G[2K[1G[2K[1G[2K[1G[2K[1G[2K[1G[2K[1G[2K[1G[2K[1G[2K[1G[2K[1G[2K[1Grendering chunks (1)...[2K[1Grendering chunks (1)...[2K[1Grendering chunks (1)...[2K[1G[2K[1G[2K[1G[2K[1G










[1;1H[0J[32m✓[39m 1 modules transformed. [33m(x33)[39m
[2K[1Grendering chunks (1)...[2K[1G[32m
[36m[vite:dts][32m Start generate declaration files...[39m
[2K[1Gcomputing gzip size (0)...[2K[1Gcomputing gzip size (0)...[2K[1Gcomputing gzip size (0)...[2K[1Gcomputing gzip size (0)...[2K[1Gcomputing gzip size (0)...[2K[1Gcomputing gzip size (0)...[2K[1Gcomputing gzip size (0)...[2K[1Gcomputing gzip size (0)...[2K[1Gcomputing gzip size (0)...[2K[1Gcomputing gzip size (0)...[2K[1Gcomputing gzip size (0)...[2K[1Gcomputing gzip size (0)...[2K[1Gcomputing gzip size (0)...[2K[1Gcomputing gzip size (0)...[2K[1Gcomputing gzip size (0)...[2K[1Gcomputing gzip size (0)...[2K[1Gtransforming (2) [2msrc/helper/class-utilities.ts[22m[2K[1Gtransforming (2) [2msrc/helper/react-dom.ts[22m[2K[1Gtransforming (2) [2msrc/helper/class-utilities.ts[22m[2K[1Gcomputing gzip size (0)...[2K[1Gcomputing gzip size (0)...[2K[1Gcomputing gzip size (0)...[2K[1Gcomputing gzip size (0)...[2K[1Gcomputing gzip size (0)...[2K[1Gcomputing gzip size (0)...[2K[1Gcomputing gzip size (0)...[2K[1Gcomputing gzip size (0)...[2K[1Gcomputing gzip size (0)...[2K[1Gcomputing gzip size (0)...[2K[1Gcomputing gzip size (0)...[2K[1Gcomputing gzip size (0)...[2K[1Gcomputing gzip size (0)...[2K[1Gcomputing gzip size (0)...[2K[1Gcomputing gzip size (0)...[2K[1Gcomputing gzip size (0)...[2K[1Gcomputing gzip size (1)...[2K[1G[2mlib/[22m[36mcjs/locale/ko-KR.js  [39m[1m[2m0.39 kB[22m[1m[22m[2m │ gzip: 0.28 kB[22m
[2K[1Gcomputing gzip size (1)...[2K[1G[2mlib/[22m[36mcjs/locale/ca-ES.js  [39m[1m[2m0.39 kB[22m[1m[22m[2m │ gzip: 0.26 kB[22m
[32m✓ built in 10.94s[39m
[2K[1Gcomputing gzip size (1)...[2K[1G[2mlib/[22m[36mcjs/locale/fr-FR.js  [39m[1m[2m0.40 kB[22m[1m[22m[2m │ gzip: 0.28 kB[22m
[32m✓ built in 10.94s[39m
[2K[1Gcomputing gzip size (1)...[2K[1G[2mlib/[22m[36mcjs/locale/en-US.js  [39m[1m[2m0.35 kB[22m[1m[22m[2m │ gzip: 0.25 kB[22m
[32m✓ built in 10.94s[39m
[2K[1Gcomputing gzip size (1)...[2K[1G[2mlib/[22m[36mcjs/locale/ru-RU.js  [39m[1m[2m0.50 kB[22m[1m[22m[2m │ gzip: 0.33 kB[22m
[32m✓ built in 10.94s[39m
[2K[1Gcomputing gzip size (1)...[2K[1G[2mlib/[22m[36mcjs/locale/zh-TW.js  [39m[1m[2m0.41 kB[22m[1m[22m[2m │ gzip: 0.29 kB[22m
[32m✓ built in 10.94s[39m
[2K[1Gcomputing gzip size (1)...[2K[1G[2mlib/[22m[36mcjs/locale/zh-CN.js  [39m[1m[2m0.41 kB[22m[1m[22m[2m │ gzip: 0.29 kB[22m
[32m✓ built in 10.94s[39m
[2K[1Gcomputing gzip size (1)...[2K[1G[2mlib/[22m[36mes/locale/zh-TW.js  [39m[1m[2m0.67 kB[22m[1m[22m[2m │ gzip: 0.31 kB[22m
[32m✓ built in 10.94s[39m
[2K[1Gcomputing gzip size (1)...[2K[1G[2mlib/[22m[36mcjs/locale/fa-IR.js  [39m[1m[2m0.48 kB[22m[1m[22m[2m │ gzip: 0.34 kB[22m
[32m✓ built in 10.94s[39m
[2K[1Gcomputing gzip size (1)...[2K[1G[2mlib/[22m[36mcjs/locale/ja-JP.js  [39m[1m[2m0.42 kB[22m[1m[22m[2m │ gzip: 0.30 kB[22m
[32m✓ built in 10.94s[39m
[2K[1Gcomputing gzip size (1)...[2K[1G[2mlib/[22m[36mes/locale/zh-CN.js  [39m[1m[2m0.67 kB[22m[1m[22m[2m │ gzip: 0.31 kB[22m
[32m✓ built in 10.94s[39m
[2K[1Gcomputing gzip size (1)...[2K[1G[2mlib/[22m[36mes/locale/es-ES.js  [39m[1m[2m0.65 kB[22m[1m[22m[2m │ gzip: 0.30 kB[22m
[32m✓ built in 10.94s[39m
[2K[1Gcomputing gzip size (1)...[2K[1G[2mlib/[22m[36mes/locale/ko-KR.js  [39m[1m[2m0.65 kB[22m[1m[22m[2m │ gzip: 0.31 kB[22m
[32m✓ built in 10.95s[39m
[2K[1Gcomputing gzip size (1)...[2K[1G[2mlib/[22m[36mcjs/locale/es-ES.js  [39m[1m[2m0.39 kB[22m[1m[22m[2m │ gzip: 0.27 kB[22m
[32m✓ built in 10.95s[39m
[2K[1Gcomputing gzip size (1)...[2K[1G[2mlib/[22m[36mes/locale/ja-JP.js  [39m[1m[2m0.68 kB[22m[1m[22m[2m │ gzip: 0.33 kB[22m
[32m✓ built in 10.95s[39m
[2K[1Gcomputing gzip size (1)...[2K[1G[2mlib/[22m[36mes/locale/fr-FR.js  [39m[1m[2m0.67 kB[22m[1m[22m[2m │ gzip: 0.30 kB[22m
[32m✓ built in 10.95s[39m
[2K[1Gtransforming (33) [2msrc/components/dialog/Dialog.tsx[22m[2K[1Gtransforming (7) [2msrc/components/menu/index.ts[22m[2K[1Gcomputing gzip size (1)...[2K[1G[2mlib/[22m[36mumd/locale/ca-ES.js  [39m[1m[2m0.59 kB[22m[1m[22m[2m │ gzip: 0.37 kB[22m
[32m✓ built in 11.01s[39m
[2K[1Gcomputing gzip size (1)...[2K[1G[2mlib/[22m[36mumd/locale/fa-IR.js  [39m[1m[2m0.68 kB[22m[1m[22m[2m │ gzip: 0.46 kB[22m
[32m✓ built in 11.01s[39m
[2K[1Gcomputing gzip size (1)...[2K[1G[2mlib/[22m[36mumd/locale/fr-FR.js  [39m[1m[2m0.60 kB[22m[1m[22m[2m │ gzip: 0.39 kB[22m
[32m✓ built in 11.01s[39m
[2K[1Gcomputing gzip size (1)...[2K[1G[2mlib/[22m[36mes/locale/fa-IR.js  [39m[1m[2m0.74 kB[22m[1m[22m[2m │ gzip: 0.37 kB[22m
[32m✓ built in 11.01s[39m
[2K[1Gcomputing gzip size (1)...[2K[1G[2mlib/[22m[36mumd/locale/vi-VN.js  [39m[1m[2m0.65 kB[22m[1m[22m[2m │ gzip: 0.41 kB[22m
[32m✓ built in 11.01s[39m
[2K[1Gcomputing gzip size (1)...[2K[1G[2mlib/[22m[36mes/locale/vi-VN.js  [39m[1m[2m0.72 kB[22m[1m[22m[2m │ gzip: 0.32 kB[22m
[32m✓ built in 11.01s[39m
[2K[1Gcomputing gzip size (1)...[2K[1G[2mlib/[22m[36mes/locale/ru-RU.js  [39m[1m[2m0.76 kB[22m[1m[22m[2m │ gzip: 0.36 kB[22m
[32m✓ built in 11.01s[39m
[2K[1Gcomputing gzip size (1)...[2K[1G[2mlib/[22m[36mumd/locale/en-US.js  [39m[1m[2m0.55 kB[22m[1m[22m[2m │ gzip: 0.35 kB[22m
[32m✓ built in 11.01s[39m
[2K[1Gcomputing gzip size (1)...[2K[1G[2mlib/[22m[36mumd/locale/ko-KR.js  [39m[1m[2m0.58 kB[22m[1m[22m[2m │ gzip: 0.39 kB[22m
[32m✓ built in 11.02s[39m
[2K[1Gcomputing gzip size (1)...[2K[1G[2mlib/[22m[36mumd/locale/zh-TW.js  [39m[1m[2m0.60 kB[22m[1m[22m[2m │ gzip: 0.40 kB[22m
[32m✓ built in 11.02s[39m
[2K[1Gcomputing gzip size (1)...[2K[1G[2mlib/[22m[36mumd/locale/zh-CN.js  [39m[1m[2m0.60 kB[22m[1m[22m[2m │ gzip: 0.40 kB[22m
[32m✓ built in 11.02s[39m
[2K[1Gcomputing gzip size (1)...[2K[1G[2mlib/[22m[36mcjs/locale/vi-VN.js  [39m[1m[2m0.46 kB[22m[1m[22m[2m │ gzip: 0.29 kB[22m
[32m✓ built in 11.02s[39m
[2K[1Gcomputing gzip size (1)...[2K[1G[2mlib/[22m[36mes/locale/en-US.js  [39m[1m[2m0.62 kB[22m[1m[22m[2m │ gzip: 0.27 kB[22m
[32m✓ built in 11.02s[39m
[2K[1Gcomputing gzip size (1)...[2K[1G[2mlib/[22m[36mumd/locale/es-ES.js  [39m[1m[2m0.59 kB[22m[1m[22m[2m │ gzip: 0.38 kB[22m
[32m✓ built in 11.02s[39m
[2K[1Gcomputing gzip size (1)...[2K[1G[2mlib/[22m[36mumd/locale/ru-RU.js  [39m[1m[2m0.69 kB[22m[1m[22m[2m │ gzip: 0.45 kB[22m
[32m✓ built in 11.02s[39m
[2K[1Gcomputing gzip size (1)...[2K[1G[2mlib/[22m[36mumd/locale/ja-JP.js  [39m[1m[2m0.62 kB[22m[1m[22m[2m │ gzip: 0.42 kB[22m
[32m✓ built in 11.02s[39m
[2K[1Gcomputing gzip size (0)...[2K[1Gtransforming (24) [2msrc/components/cascader-list/CascaderList.tsx[22m[2K[1Gtransforming (47) [2msrc/components/tree/index.ts[22m[2K[1Gcomputing gzip size (1)...[2K[1G[2mlib/[22m[36mes/locale/ca-ES.js  [39m[1m[2m0.65 kB[22m[1m[22m[2m │ gzip: 0.29 kB[22m
[32m✓ built in 11.16s[39m
[2K[1Gtransforming (7) [2m../../node_modules/.pnpm/tailwind-merge@2.6.0/node_modules/ta[2K[1Gtransforming (55) [2m../../node_modules/.pnpm/dayjs@1.11.19/node_modules/dayjs/da[2K[1Gtransforming (19) [2msrc/components/button/Button.tsx[22m[2K[1Gtransforming (47) [2msrc/components/segmented/Segmented.tsx[22m[2K[1G[2K[1Gtransforming (62) [2m commonjsHelpers.js[22m[2K[1Gtransforming (60) [2m../../node_modules/.pnpm/dayjs@1.11.19/node_modules/dayjs/da[2K[1Gtransforming (78) [2m../../node_modules/.pnpm/@univerjs+icons@1.0.2_react-dom@19.[2K[1Gtransforming (52) [2m../../node_modules/.pnpm/@univerjs+icons@1.0.2_react-dom@19.[2K[1Gtransforming (72) [2m commonjsHelpers.js[22m[2K[1G[2K[1Gtransforming (65) [2m commonjsHelpers.js[22m[2K[1Gtransforming (368) [2m../../node_modules/.pnpm/@radix-ui+react-primitive@2.1.4_@t[2K[1G[2K[1Gtransforming (372) [2m../../node_modules/.pnpm/@radix-ui+react-popover@1.1.15_@ty[2K[1Gtransforming (368) [2msrc/components/menu/index.css[22m[2K[1G[2K[1Gtransforming (74) [2msrc/components/tree/Tree.tsx[22m[2K[1G[2K[1G[2K[1G[2K[1Gtransforming (381) [2msrc/components/tree/index.css[22m[2K[1G[2K[1G[2K[1G[2K[1G[2K[1Gtransforming (377) [2m../../node_modules/.pnpm/@radix-ui+react-primitive@2.1.4_@t[2K[1Gtransforming (367) [2m../../node_modules/.pnpm/@radix-ui+react-compose-refs@1.1.2[2K[1Gtransforming (384) [2m../../node_modules/.pnpm/react-grid-layout@1.5.1_react-dom@[2K[1Gtransforming (384) [2m../../node_modules/.pnpm/react-grid-layout@1.5.1_react-dom@[2K[1G[2K[1G[2K[1Gtransforming (376) [2m../../node_modules/.pnpm/@radix-ui+react-primitive@2.1.4_@t[2K[1G[2K[1G[2K[1Gtransforming (379) [2m../../node_modules/.pnpm/rc-menu@9.16.1_react-dom@19.2.0_re[2K[1G[2K[1G[2K[1G[2K[1G[2K[1G[2K[1G[2K[1G[2K[1G[2K[1G[2K[1G[2K[1G[2K[1G[2K[1Gtransforming (402) [2m../../node_modules/.pnpm/@radix-ui+react-menu@2.1.16_@types[2K[1Gtransforming (404) [2m../../node_modules/.pnpm/rc-virtual-list@3.18.6_react-dom@1[2K[1G[2K[1Gtransforming (384) [2m../../node_modules/.pnpm/react-grid-layout@1.5.1_react-dom@[2K[1G[2K[1Gtransforming (407) [2m../../node_modules/.pnpm/fast-equals@4.0.3/node_modules/fas[2K[1Gtransforming (385) [2m../../node_modules/.pnpm/react-remove-scroll@2.7.1_@types+r[2K[1Gtransforming (417) [2m../../node_modules/.pnpm/react-grid-layout@1.5.1_react-dom@[2K[1G[2K[1G[2K[1G[2K[1G[2K[1G[2K[1G[2K[1G[32m[36m[vite:dts][32m Declaration files built in 14021ms.
[39m
[32m✓ built in 15.36s[39m
[2K[1G[2K[1G[2K[1Gtransforming (439) [2m../../node_modules/.pnpm/rc-menu@9.16.1_react-dom@19.2.0_re[2K[1Gtransforming (436) [2m../../node_modules/.pnpm/rc-menu@9.16.1_react-dom@19.2.0_re[2K[1Gtransforming (407) [2m../../node_modules/.pnpm/rc-menu@9.16.1_react-dom@19.2.0_re[2K[1Gtransforming (464) [2m../../node_modules/.pnpm/rc-menu@9.16.1_react-dom@19.2.0_re[2K[1Gtransforming (484) [2m../../node_modules/.pnpm/rc-util@5.44.4_react-dom@19.2.0_re[2K[1G[2K[1G[2K[1Gtransforming (413) [2m../../node_modules/.pnpm/react-grid-layout@1.5.1_react-dom@[2K[1Gtransforming (471) [2m../../node_modules/.pnpm/@babel+runtime@7.27.1/node_modules[2K[1G[2K[1G[2K[1Gtransforming (496) [2m../../node_modules/.pnpm/tslib@2.8.1/node_modules/tslib/tsl[2K[1Gtransforming (496) [2m../../node_modules/.pnpm/@babel+runtime@7.27.1/node_modules[2K[1Gtransforming (450) [2m../../node_modules/.pnpm/react-grid-layout@1.5.1_react-dom@[2K[1Gtransforming (525) [2m../../node_modules/.pnpm/@babel+runtime@7.27.1/node_modules[2K[1Gtransforming (537) [2m../../node_modules/.pnpm/@babel+runtime@7.27.1/node_modules[2K[1Gtransforming (471) [2m../../node_modules/.pnpm/rc-util@5.44.4_react-dom@19.2.0_re[2K[1Gtransforming (548) [2m../../node_modules/.pnpm/rc-resize-observer@1.4.3_react-dom[2K[1Gtransforming (546) [2m../../node_modules/.pnpm/rc-util@5.44.4_react-dom@19.2.0_re[2K[1Gtransforming (510) [2m../../node_modules/.pnpm/@rc-component+portal@1.1.2_react-d[2K[1Gtransforming (568) [2m../../node_modules/.pnpm/@rc-component+portal@1.1.2_react-d[2K[1Gtransforming (534) [2m../../node_modules/.pnpm/rc-util@5.44.4_react-dom@19.2.0_re[2K[1Gtransforming (572) [2m../../node_modules/.pnpm/@rc-component+trigger@2.2.6_react-[2K[1Gtransforming (586) [2m../../node_modules/.pnpm/react-draggable@4.4.6_react-dom@19[2K[1Gtransforming (588) [2m../../node_modules/.pnpm/react-draggable@4.4.6_react-dom@19[2K[1Gtransforming (567) [2m../../node_modules/.pnpm/@floating-ui+core@1.7.3/node_modul[2K[1Gtransforming (609) [2m../../node_modules/.pnpm/react-draggable@4.4.6_react-dom@19[2K[1Gtransforming (617) [2m../../node_modules/.pnpm/rc-motion@2.9.5_react-dom@19.2.0_r[2K[1Gtransforming (605) [2m../../node_modules/.pnpm/react-remove-scroll-bar@2.3.8_@typ[2K[1Gtransforming (623) [2m../../node_modules/.pnpm/use-sidecar@1.1.3_@types+react@19.[2K[1Gtransforming (630) [2m../../node_modules/.pnpm/react-resizable@3.0.5_react-dom@19[2K[1Gtransforming (624) [2m../../node_modules/.pnpm/react-remove-scroll-bar@2.3.8_@typ[2K[1Gtransforming (640) [2m../../node_modules/.pnpm/react-grid-layout@1.5.1_react-dom@[2K[1G[32m✓[39m 675 modules transformed.
[2K[1G










[1;1H[0J[32m✓[39m 675 modules transformed. [33m(x2)[39m
[2K[1Gtransforming (646) [2m../../node_modules/.pnpm/react-grid-layout@1.5.1_react-dom@[2K[1G










[1;1H[0J[32m✓[39m 675 modules transformed. [33m(x3)[39m
[2K[1Grendering chunks (1)...[2K[1G[2K[1Gcomputing gzip size (0)...[2K[1Gcomputing gzip size (1)...[2K[1Gcomputing gzip size (2)...[2K[1G[2mlib/[22m[35mindex.css     [39m[1m[2m 61.55 kB[22m[1m[22m[2m │ gzip:   9.05 kB[22m
[2mlib/[22m[36mumd/index.js  [39m[1m[2m448.50 kB[22m[1m[22m[2m │ gzip: 141.30 kB[22m
[32m✓ built in 20.45s[39m
[2K[1Grendering chunks (1)...[2K[1Grendering chunks (1)...[2K[1G[2K[1G[2K[1Gcomputing gzip size (0)...[2K[1Gcomputing gzip size (0)...[2K[1Gcomputing gzip size (1)...[2K[1Gcomputing gzip size (1)...[2K[1Gcomputing gzip size (2)...[2K[1G[2mlib/[22m[35mindex.css     [39m[1m[2m 61.55 kB[22m[1m[22m[2m │ gzip:   9.05 kB[22m
[2mlib/[22m[36mcjs/index.js  [39m[1m[2m448.48 kB[22m[1m[22m[2m │ gzip: 141.07 kB[22m
[32m✓ built in 20.68s[39m
[2K[1Gcomputing gzip size (2)...[2K[1G[2mlib/[22m[35mindex.css    [39m[1m[2m 61.55 kB[22m[1m[22m[2m │ gzip:   9.05 kB[22m
[2mlib/[22m[36mes/index.js  [39m[1m[33m677.71 kB[39m[22m[2m │ gzip: 172.80 kB[22m
[32m✓ built in 20.70s[39m
[1G[0K⠙[1G[0K
