

> @univerjs/telemetry@0.12.4 build /home/bappu/websitenew/web/univer/packages/telemetry
> univer-cli build

[1G[0K⠙[1G[0K[32m
Vite@7.2.6 vite-plugin-external@6.2.2[39m
[36mvite v7.2.6 [32mbuilding client environment for production...[36m[39m











[1;1H[0J[36mvite v7.2.6 [32mbuilding client environment for production...[36m[39m [33m(x2)[39m











[1;1H[0J[36mvite v7.2.6 [32mbuilding client environment for production...[36m[39m [33m(x3)[39m
[2K[1Gtransforming (1) [2msrc/index.ts[22m[2K[1Gtransforming (1) [2msrc/index.ts[22m[2K[1Gtransforming (1) [2msrc/index.ts[22m[2K[1G[32m✓[39m 2 modules transformed.
[2K[1G










[1;1H[0J[32m✓[39m 2 modules transformed. [33m(x2)[39m
[2K[1G










[1;1H[0J[32m✓[39m 2 modules transformed. [33m(x3)[39m
[2K[1Grendering chunks (1)...[2K[1G[2K[1Grendering chunks (1)...[2K[1Grendering chunks (1)...[2K[1G[2K[1G[32m
[36m[vite:dts][32m Start generate declaration files...[39m
[2K[1Gcomputing gzip size (0)...[2K[1Gcomputing gzip size (0)...[2K[1Gcomputing gzip size (0)...[2K[1Gcomputing gzip size (1)...[2K[1G[2mlib/[22m[36mes/index.js  [39m[1m[2m0.13 kB[22m[1m[22m[2m │ gzip: 0.12 kB[22m
[2K[1Gcomputing gzip size (1)...[2K[1G[2mlib/[22m[36mumd/index.js  [39m[1m[2m0.43 kB[22m[1m[22m[2m │ gzip: 0.28 kB[22m
[32m✓ built in 7.26s[39m
[32m[36m[vite:dts][32m Declaration files built in 6945ms.
[39m
[32m✓ built in 7.26s[39m
[2K[1Gcomputing gzip size (1)...[2K[1G[2mlib/[22m[36mcjs/index.js  [39m[1m[2m0.19 kB[22m[1m[22m[2m │ gzip: 0.17 kB[22m
[32m✓ built in 7.27s[39m
[1G[0K⠙[1G[0K
