

> @univerjs/sheets-drawing-ui@0.12.4 build /home/bappu/websitenew/web/univer/packages/sheets-drawing-ui
> univer-cli build

[1G[0K⠙[1G[0K[32m
Vite@7.2.6 vite-plugin-external@6.2.2[39m
[36mvite v7.2.6 [32mbuilding client environment for production...[36m[39m











[1;1H[0J[36mvite v7.2.6 [32mbuilding client environment for production...[36m[39m [33m(x2)[39m











[1;1H[0J[36mvite v7.2.6 [32mbuilding client environment for production...[36m[39m [33m(x3)[39m











[1;1H[0J[36mvite v7.2.6 [32mbuilding client environment for production...[36m[39m [33m(x4)[39m











[1;1H[0J[36mvite v7.2.6 [32mbuilding client environment for production...[36m[39m [33m(x5)[39m











[1;1H[0J[36mvite v7.2.6 [32mbuilding client environment for production...[36m[39m [33m(x6)[39m











[1;1H[0J[36mvite v7.2.6 [32mbuilding client environment for production...[36m[39m [33m(x7)[39m











[1;1H[0J[36mvite v7.2.6 [32mbuilding client environment for production...[36m[39m [33m(x8)[39m











[1;1H[0J[36mvite v7.2.6 [32mbuilding client environment for production...[36m[39m [33m(x9)[39m











[1;1H[0J[36mvite v7.2.6 [32mbuilding client environment for production...[36m[39m [33m(x10)[39m











[1;1H[0J[36mvite v7.2.6 [32mbuilding client environment for production...[36m[39m [33m(x11)[39m











[1;1H[0J[36mvite v7.2.6 [32mbuilding client environment for production...[36m[39m [33m(x12)[39m











[1;1H[0J[36mvite v7.2.6 [32mbuilding client environment for production...[36m[39m [33m(x13)[39m











[1;1H[0J[36mvite v7.2.6 [32mbuilding client environment for production...[36m[39m [33m(x14)[39m











[1;1H[0J[36mvite v7.2.6 [32mbuilding client environment for production...[36m[39m [33m(x15)[39m











[1;1H[0J[36mvite v7.2.6 [32mbuilding client environment for production...[36m[39m [33m(x16)[39m











[1;1H[0J[36mvite v7.2.6 [32mbuilding client environment for production...[36m[39m [33m(x17)[39m











[1;1H[0J[36mvite v7.2.6 [32mbuilding client environment for production...[36m[39m [33m(x18)[39m











[1;1H[0J[36mvite v7.2.6 [32mbuilding client environment for production...[36m[39m [33m(x19)[39m











[1;1H[0J[36mvite v7.2.6 [32mbuilding client environment for production...[36m[39m [33m(x20)[39m











[1;1H[0J[36mvite v7.2.6 [32mbuilding client environment for production...[36m[39m [33m(x21)[39m











[1;1H[0J[36mvite v7.2.6 [32mbuilding client environment for production...[36m[39m [33m(x22)[39m











[1;1H[0J[36mvite v7.2.6 [32mbuilding client environment for production...[36m[39m [33m(x23)[39m











[1;1H[0J[36mvite v7.2.6 [32mbuilding client environment for production...[36m[39m [33m(x24)[39m











[1;1H[0J[36mvite v7.2.6 [32mbuilding client environment for production...[36m[39m [33m(x25)[39m











[1;1H[0J[36mvite v7.2.6 [32mbuilding client environment for production...[36m[39m [33m(x26)[39m











[1;1H[0J[36mvite v7.2.6 [32mbuilding client environment for production...[36m[39m [33m(x27)[39m











[1;1H[0J[36mvite v7.2.6 [32mbuilding client environment for production...[36m[39m [33m(x28)[39m











[1;1H[0J[36mvite v7.2.6 [32mbuilding client environment for production...[36m[39m [33m(x29)[39m











[1;1H[0J[36mvite v7.2.6 [32mbuilding client environment for production...[36m[39m [33m(x30)[39m











[1;1H[0J[36mvite v7.2.6 [32mbuilding client environment for production...[36m[39m [33m(x31)[39m











[1;1H[0J[36mvite v7.2.6 [32mbuilding client environment for production...[36m[39m [33m(x32)[39m











[1;1H[0J[36mvite v7.2.6 [32mbuilding client environment for production...[36m[39m [33m(x33)[39m











[1;1H[0J[36mvite v7.2.6 [32mbuilding client environment for production...[36m[39m [33m(x34)[39m











[1;1H[0J[36mvite v7.2.6 [32mbuilding client environment for production...[36m[39m [33m(x35)[39m











[1;1H[0J[36mvite v7.2.6 [32mbuilding client environment for production...[36m[39m [33m(x36)[39m











[1;1H[0J[36mvite v7.2.6 [32mbuilding client environment for production...[36m[39m [33m(x37)[39m











[1;1H[0J[36mvite v7.2.6 [32mbuilding client environment for production...[36m[39m [33m(x38)[39m











[1;1H[0J[36mvite v7.2.6 [32mbuilding client environment for production...[36m[39m [33m(x39)[39m
[2K[1Gtransforming (1) [2msrc/index.ts[22m[2K[1Gtransforming (1) [2msrc/index.ts[22m[2K[1Gtransforming (1) [2msrc/index.ts[22m[2K[1Gtransforming (1) [2msrc/locale/ca-ES.ts[22m[2K[1Gtransforming (1) [2msrc/locale/es-ES.ts[22m[2K[1Gtransforming (1) [2msrc/locale/fa-IR.ts[22m[2K[1Gtransforming (1) [2msrc/locale/en-US.ts[22m[2K[1Gtransforming (1) [2msrc/locale/ja-JP.ts[22m[2K[1Gtransforming (1) [2msrc/locale/fr-FR.ts[22m[2K[1Gtransforming (1) [2msrc/locale/ru-RU.ts[22m[2K[1Gtransforming (1) [2msrc/locale/ja-JP.ts[22m[2K[1Gtransforming (1) [2msrc/locale/ko-KR.ts[22m[2K[1Gtransforming (1) [2msrc/locale/ca-ES.ts[22m[2K[1Gtransforming (1) [2msrc/locale/fr-FR.ts[22m[2K[1Gtransforming (1) [2msrc/locale/ja-JP.ts[22m[2K[1Gtransforming (1) [2msrc/locale/es-ES.ts[22m[2K[1Gtransforming (1) [2msrc/locale/fa-IR.ts[22m[2K[1Gtransforming (1) [2msrc/locale/ca-ES.ts[22m[2K[1Gtransforming (1) [2msrc/locale/vi-VN.ts[22m[2K[1Gtransforming (1) [2msrc/locale/en-US.ts[22m[2K[1Gtransforming (1) [2msrc/locale/vi-VN.ts[22m[2K[1Gtransforming (1) [2msrc/locale/zh-CN.ts[22m[2K[1Gtransforming (1) [2msrc/locale/zh-CN.ts[22m[2K[1Gtransforming (1) [2msrc/locale/ko-KR.ts[22m[2K[1Gtransforming (1) [2msrc/locale/ko-KR.ts[22m[2K[1Gtransforming (1) [2msrc/facade/index.ts[22m[2K[1Gtransforming (1) [2msrc/locale/vi-VN.ts[22m[2K[1Gtransforming (1) [2msrc/locale/zh-TW.ts[22m[2K[1Gtransforming (1) [2msrc/locale/en-US.ts[22m[2K[1Gtransforming (1) [2msrc/locale/es-ES.ts[22m[2K[1Gtransforming (1) [2msrc/locale/zh-TW.ts[22m[2K[1Gtransforming (1) [2msrc/facade/index.ts[22m[2K[1Gtransforming (1) [2msrc/locale/fr-FR.ts[22m[2K[1Gtransforming (1) [2msrc/locale/ru-RU.ts[22m[2K[1Gtransforming (1) [2msrc/locale/fa-IR.ts[22m[2K[1G[32m✓[39m 1 modules transformed.
[2K[1G










[1;1H[0J[32m✓[39m 1 modules transformed. [33m(x2)[39m
[2K[1G










[1;1H[0J[32m✓[39m 1 modules transformed. [33m(x3)[39m
[2K[1G










[1;1H[0J[32m✓[39m 1 modules transformed. [33m(x4)[39m
[2K[1G










[1;1H[0J[32m✓[39m 1 modules transformed. [33m(x5)[39m
[2K[1G










[1;1H[0J[32m✓[39m 1 modules transformed. [33m(x6)[39m
[2K[1G










[1;1H[0J[32m✓[39m 1 modules transformed. [33m(x7)[39m
[2K[1G










[1;1H[0J[32m✓[39m 1 modules transformed. [33m(x8)[39m
[2K[1G










[1;1H[0J[32m✓[39m 1 modules transformed. [33m(x9)[39m
[2K[1G










[1;1H[0J[32m✓[39m 1 modules transformed. [33m(x10)[39m
[2K[1G










[1;1H[0J[32m✓[39m 1 modules transformed. [33m(x11)[39m
[2K[1G










[1;1H[0J[32m✓[39m 1 modules transformed. [33m(x12)[39m
[2K[1G










[1;1H[0J[32m✓[39m 1 modules transformed. [33m(x13)[39m
[2K[1G










[1;1H[0J[32m✓[39m 1 modules transformed. [33m(x14)[39m
[2K[1G










[1;1H[0J[32m✓[39m 1 modules transformed. [33m(x15)[39m
[2K[1G










[1;1H[0J[32m✓[39m 1 modules transformed. [33m(x16)[39m
[2K[1G










[1;1H[0J[32m✓[39m 1 modules transformed. [33m(x17)[39m
[2K[1G










[1;1H[0J[32m✓[39m 1 modules transformed. [33m(x18)[39m
[2K[1G










[1;1H[0J[32m✓[39m 1 modules transformed. [33m(x19)[39m
[2K[1G










[1;1H[0J[32m✓[39m 1 modules transformed. [33m(x20)[39m
[2K[1G










[1;1H[0J[32m✓[39m 1 modules transformed. [33m(x21)[39m
[2K[1G










[1;1H[0J[32m✓[39m 1 modules transformed. [33m(x22)[39m
[2K[1G










[1;1H[0J[32m✓[39m 1 modules transformed. [33m(x23)[39m
[2K[1G










[1;1H[0J[32m✓[39m 1 modules transformed. [33m(x24)[39m
[2K[1G










[1;1H[0J[32m✓[39m 1 modules transformed. [33m(x25)[39m
[2K[1G










[1;1H[0J[32m✓[39m 1 modules transformed. [33m(x26)[39m
[2K[1G










[1;1H[0J[32m✓[39m 1 modules transformed. [33m(x27)[39m
[2K[1G










[1;1H[0J[32m✓[39m 1 modules transformed. [33m(x28)[39m
[2K[1G










[1;1H[0J[32m✓[39m 1 modules transformed. [33m(x29)[39m
[2K[1G










[1;1H[0J[32m✓[39m 1 modules transformed. [33m(x30)[39m
[2K[1Grendering chunks (1)...[2K[1Grendering chunks (1)...[2K[1Grendering chunks (1)...[2K[1Grendering chunks (1)...[2K[1Grendering chunks (1)...[2K[1Grendering chunks (1)...[2K[1Grendering chunks (1)...[2K[1Grendering chunks (1)...[2K[1Grendering chunks (1)...[2K[1Grendering chunks (1)...[2K[1Gtransforming (1) [2msrc/locale/zh-TW.ts[22m[2K[1Gtransforming (1) [2msrc/facade/index.ts[22m[2K[1Gtransforming (1) [2msrc/locale/zh-CN.ts[22m[2K[1Gtransforming (1) [2msrc/locale/ru-RU.ts[22m[2K[1G[2K[1G[2K[1G[2K[1G[2K[1G[2K[1G[2K[1G[2K[1G[2K[1G[2K[1G[2K[1Grendering chunks (1)...[2K[1Grendering chunks (1)...[2K[1Grendering chunks (1)...[2K[1Grendering chunks (1)...[2K[1Grendering chunks (1)...[2K[1Grendering chunks (1)...[2K[1Grendering chunks (1)...[2K[1Grendering chunks (1)...[2K[1Grendering chunks (1)...[2K[1Grendering chunks (1)...[2K[1G[2K[1G[2K[1G[2K[1G[2K[1G[2K[1G[2K[1G[2K[1G[2K[1G[2K[1G[2K[1G










[1;1H[0J[32m✓[39m 1 modules transformed. [33m(x31)[39m
[2K[1G










[1;1H[0J[32m✓[39m 1 modules transformed. [33m(x32)[39m
[2K[1G










[1;1H[0J[32m✓[39m 1 modules transformed. [33m(x33)[39m
[baseline-browser-mapping] The data in this module is over two months old.  To ensure accurate Baseline data, please update: `npm i baseline-browser-mapping@latest -D`
[baseline-browser-mapping] The data in this module is over two months old.  To ensure accurate Baseline data, please update: `npm i baseline-browser-mapping@latest -D`
Browserslist: browsers data (caniuse-lite) is 6 months old. Please run:
  npx update-browserslist-db@latest
  Why you should do it regularly: https://github.com/browserslist/update-db#readme
[2K[1Grendering chunks (1)...[2K[1Grendering chunks (1)...[2K[1Grendering chunks (1)...[2K[1Grendering chunks (1)...[2K[1Grendering chunks (1)...[2K[1Grendering chunks (1)...[2K[1Grendering chunks (1)...[2K[1Grendering chunks (1)...[2K[1Grendering chunks (1)...[2K[1Grendering chunks (1)...[2K[1Grendering chunks (1)...[2K[1Grendering chunks (1)...[2K[1Grendering chunks (1)...[2K[1G[2K[1G[2K[1G[2K[1G[2K[1G[2K[1G[2K[1G[2K[1G[2K[1G[2K[1G[2K[1G[2K[1G[2K[1G[32m
[36m[vite:dts][32m Start generate declaration files...[39m
[2K[1Gcomputing gzip size (0)...[2K[1Gcomputing gzip size (0)...[2K[1Gcomputing gzip size (0)...[2K[1Gcomputing gzip size (0)...[2K[1Gcomputing gzip size (0)...[2K[1Gcomputing gzip size (0)...[2K[1Gcomputing gzip size (0)...[2K[1Gcomputing gzip size (0)...[2K[1Gcomputing gzip size (0)...[2K[1Gcomputing gzip size (0)...[2K[1Gcomputing gzip size (0)...[2K[1Gcomputing gzip size (0)...[2K[1Gcomputing gzip size (0)...[2K[1Gcomputing gzip size (0)...[2K[1Gcomputing gzip size (0)...[2K[1Gcomputing gzip size (0)...[2K[1Gcomputing gzip size (0)...[2K[1Gtransforming (2) [2msrc/plugin.ts[22m[2K[1Gtransforming (2) [2msrc/plugin.ts[22m[2K[1Gtransforming (2) [2msrc/plugin.ts[22m[2K[1Gtransforming (2) [2msrc/facade/f-enum.ts[22m[2K[1Gcomputing gzip size (0)...[2K[1Gcomputing gzip size (0)...[2K[1Gcomputing gzip size (0)...[2K[1Gcomputing gzip size (0)...[2K[1Gcomputing gzip size (0)...[2K[1Gcomputing gzip size (0)...[2K[1Gcomputing gzip size (0)...[2K[1Gcomputing gzip size (0)...[2K[1Gcomputing gzip size (0)...[2K[1Gcomputing gzip size (0)...[2K[1Gcomputing gzip size (0)...[2K[1Gcomputing gzip size (0)...[2K[1Gcomputing gzip size (0)...[2K[1Gcomputing gzip size (0)...[2K[1Gcomputing gzip size (0)...[2K[1Gcomputing gzip size (0)...[2K[1Gcomputing gzip size (1)...[2K[1G[2mlib/[22m[36mes/locale/en-US.js  [39m[1m[2m1.40 kB[22m[1m[22m[2m │ gzip: 0.62 kB[22m
[2K[1Gcomputing gzip size (1)...[2K[1G[2mlib/[22m[36mes/locale/ja-JP.js  [39m[1m[2m1.77 kB[22m[1m[22m[2m │ gzip: 0.90 kB[22m
[32m✓ built in 28.51s[39m
[2K[1Gcomputing gzip size (1)...[2K[1G[2mlib/[22m[36mes/locale/ca-ES.js  [39m[1m[2m1.66 kB[22m[1m[22m[2m │ gzip: 0.74 kB[22m
[32m✓ built in 28.51s[39m
[2K[1Gcomputing gzip size (1)...[2K[1G[2mlib/[22m[36mes/locale/fa-IR.js  [39m[1m[2m2.02 kB[22m[1m[22m[2m │ gzip: 0.86 kB[22m
[32m✓ built in 28.51s[39m
[2K[1Gcomputing gzip size (1)...[2K[1G[2mlib/[22m[36mes/locale/fr-FR.js  [39m[1m[2m1.72 kB[22m[1m[22m[2m │ gzip: 0.75 kB[22m
[32m✓ built in 28.51s[39m
[2K[1Gcomputing gzip size (1)...[2K[1G[2mlib/[22m[36mes/locale/es-ES.js  [39m[1m[2m1.63 kB[22m[1m[22m[2m │ gzip: 0.71 kB[22m
[32m✓ built in 28.51s[39m
[2K[1Gcomputing gzip size (1)...[2K[1G[2mlib/[22m[36mes/locale/ru-RU.js  [39m[1m[2m2.41 kB[22m[1m[22m[2m │ gzip: 0.92 kB[22m
[32m✓ built in 28.51s[39m
[2K[1Gcomputing gzip size (1)...[2K[1G[2mlib/[22m[36mes/locale/ko-KR.js  [39m[1m[2m1.64 kB[22m[1m[22m[2m │ gzip: 0.84 kB[22m
[32m✓ built in 28.51s[39m
[2K[1Gcomputing gzip size (1)...[2K[1G[2mlib/[22m[36mcjs/locale/ca-ES.js  [39m[1m[2m1.38 kB[22m[1m[22m[2m │ gzip: 0.72 kB[22m
[32m✓ built in 28.51s[39m
[2K[1Gcomputing gzip size (1)...[2K[1G[2mlib/[22m[36mcjs/locale/ja-JP.js  [39m[1m[2m1.48 kB[22m[1m[22m[2m │ gzip: 0.88 kB[22m
[32m✓ built in 28.51s[39m
[2K[1Gcomputing gzip size (1)...[2K[1G[2mlib/[22m[36mcjs/locale/fa-IR.js  [39m[1m[2m1.73 kB[22m[1m[22m[2m │ gzip: 0.83 kB[22m
[32m✓ built in 28.51s[39m
[2K[1Gcomputing gzip size (1)...[2K[1G[2mlib/[22m[36mcjs/locale/fr-FR.js  [39m[1m[2m1.43 kB[22m[1m[22m[2m │ gzip: 0.73 kB[22m
[32m✓ built in 28.51s[39m
[2K[1Gcomputing gzip size (1)...[2K[1G[2mlib/[22m[36mcjs/locale/es-ES.js  [39m[1m[2m1.35 kB[22m[1m[22m[2m │ gzip: 0.69 kB[22m
[32m✓ built in 28.51s[39m
[2K[1Gcomputing gzip size (1)...[2K[1G[2mlib/[22m[36mes/locale/vi-VN.js  [39m[1m[2m1.72 kB[22m[1m[22m[2m │ gzip: 0.82 kB[22m
[32m✓ built in 28.51s[39m
[2K[1Gcomputing gzip size (1)...[2K[1G[2mlib/[22m[36mumd/locale/ja-JP.js  [39m[1m[2m1.69 kB[22m[1m[22m[2m │ gzip: 1.00 kB[22m
[32m✓ built in 28.51s[39m
[2K[1Gcomputing gzip size (1)...[2K[1G[2mlib/[22m[36mumd/locale/ca-ES.js  [39m[1m[2m1.59 kB[22m[1m[22m[2m │ gzip: 0.83 kB[22m
[32m✓ built in 28.52s[39m
[2K[1Gcomputing gzip size (1)...[2K[1G[2mlib/[22m[36mumd/locale/vi-VN.js  [39m[1m[2m1.65 kB[22m[1m[22m[2m │ gzip: 0.92 kB[22m
[32m✓ built in 28.52s[39m
[2K[1Gtransforming (4) [2msrc/facade/f-over-grid-image.ts[22m[2K[1Gtransforming (2) [2msrc/facade/f-over-grid-image.ts[22m[2K[1Gcomputing gzip size (1)...[2K[1G[2mlib/[22m[36mcjs/locale/zh-CN.js  [39m[1m[2m1.14 kB[22m[1m[22m[2m │ gzip: 0.73 kB[22m
[32m✓ built in 28.53s[39m
[2K[1Gcomputing gzip size (1)...[2K[1G[2mlib/[22m[36mumd/locale/zh-CN.js  [39m[1m[2m1.35 kB[22m[1m[22m[2m │ gzip: 0.86 kB[22m
[32m✓ built in 28.53s[39m
[2K[1Gcomputing gzip size (1)...[2K[1G[2mlib/[22m[36mcjs/locale/en-US.js  [39m[1m[2m1.11 kB[22m[1m[22m[2m │ gzip: 0.59 kB[22m
[32m✓ built in 28.54s[39m
[2K[1Gcomputing gzip size (1)...[2K[1G[2mlib/[22m[36mumd/locale/ko-KR.js  [39m[1m[2m1.57 kB[22m[1m[22m[2m │ gzip: 0.94 kB[22m
[32m✓ built in 28.57s[39m
[2K[1Gcomputing gzip size (1)...[2K[1G[2mlib/[22m[36mcjs/locale/ko-KR.js  [39m[1m[2m1.36 kB[22m[1m[22m[2m │ gzip: 0.82 kB[22m
[32m✓ built in 28.58s[39m
[2K[1Gcomputing gzip size (1)...[2K[1G[2mlib/[22m[36mes/locale/zh-TW.js  [39m[1m[2m1.42 kB[22m[1m[22m[2m │ gzip: 0.76 kB[22m
[32m✓ built in 28.58s[39m
[2K[1Gcomputing gzip size (1)...[2K[1G[2mlib/[22m[36mcjs/locale/vi-VN.js  [39m[1m[2m1.44 kB[22m[1m[22m[2m │ gzip: 0.80 kB[22m
[32m✓ built in 28.58s[39m
[2K[1Gcomputing gzip size (1)...[2K[1G[2mlib/[22m[36mumd/locale/fr-FR.js  [39m[1m[2m1.64 kB[22m[1m[22m[2m │ gzip: 0.84 kB[22m
[32m✓ built in 28.58s[39m
[2K[1Gcomputing gzip size (1)...[2K[1G[2mlib/[22m[36mcjs/locale/zh-TW.js  [39m[1m[2m1.14 kB[22m[1m[22m[2m │ gzip: 0.73 kB[22m
[32m✓ built in 28.58s[39m
[2K[1Gcomputing gzip size (1)...[2K[1G[2mlib/[22m[36mumd/locale/es-ES.js  [39m[1m[2m1.55 kB[22m[1m[22m[2m │ gzip: 0.81 kB[22m
[32m✓ built in 28.59s[39m
[2K[1Gcomputing gzip size (1)...[2K[1G[2mlib/[22m[36mumd/locale/fa-IR.js  [39m[1m[2m1.94 kB[22m[1m[22m[2m │ gzip: 0.95 kB[22m
[32m✓ built in 28.59s[39m
[2K[1Gcomputing gzip size (1)...[2K[1G[2mlib/[22m[36mumd/locale/zh-TW.js  [39m[1m[2m1.35 kB[22m[1m[22m[2m │ gzip: 0.85 kB[22m
[32m✓ built in 28.59s[39m
[2K[1Gcomputing gzip size (1)...[2K[1G[2mlib/[22m[36mumd/locale/en-US.js  [39m[1m[2m1.32 kB[22m[1m[22m[2m │ gzip: 0.71 kB[22m
[32m✓ built in 28.59s[39m
[2K[1Gcomputing gzip size (1)...[2K[1G[2mlib/[22m[36mumd/locale/ru-RU.js  [39m[1m[2m2.34 kB[22m[1m[22m[2m │ gzip: 1.02 kB[22m
[32m✓ built in 28.59s[39m
[2K[1Gcomputing gzip size (1)...[2K[1G[2mlib/[22m[36mes/locale/zh-CN.js  [39m[1m[2m1.43 kB[22m[1m[22m[2m │ gzip: 0.76 kB[22m
[32m✓ built in 28.59s[39m
[2K[1Gcomputing gzip size (1)...[2K[1G[2mlib/[22m[36mcjs/locale/ru-RU.js  [39m[1m[2m2.13 kB[22m[1m[22m[2m │ gzip: 0.89 kB[22m
[32m✓ built in 28.59s[39m
[2K[1Gtransforming (3) [2msrc/basics/transform-position.ts[22m[2K[1Gtransforming (3) [2msrc/basics/transform-position.ts[22m[2K[1Gtransforming (2) [2msrc/facade/f-enum.ts[22m[2K[1Gtransforming (3) [2msrc/basics/transform-position.ts[22m[2K[1G[32m✓[39m 7 modules transformed.
[2K[1G










[1;1H[0J[32m✓[39m 7 modules transformed. [33m(x2)[39m
[2K[1Gtransforming (4) [2msrc/global.css[22m[2K[1Gtransforming (7) [2msrc/services/canvas-float-dom-manager.service.ts[22m[2K[1Gtransforming (3) [2msrc/facade/f-event.ts[22m[2K[1Gtransforming (5) [2msrc/controllers/sheet-drawing-update.controller.ts[22m[2K[1Gtransforming (6) [2msrc/services/batch-save-images.service.ts[22m[32m[36m[vite:dts][32m Declaration files built in 28576ms.
[39m
[32m✓ built in 29.54s[39m
[2K[1Gtransforming (4) [2msrc/facade/f-univer.ts[22m[2K[1Gtransforming (8) [2msrc/commands/commands/insert-sheet-drawing.command.ts[22m[2K[1Gtransforming (16) [2msrc/commands/commands/insert-sheet-drawing.command.ts[22m[2K[1Gtransforming (8) [2msrc/commands/commands/insert-sheet-drawing.command.ts[22m[2K[1G[32m✓[39m 7 modules transformed.
[2K[1Gtransforming (21) [2msrc/views/menu/image.menu.ts[22m[2K[1Gtransforming (19) [2msrc/commands/commands/save-cell-images.command.ts[22m[2K[1Grendering chunks (1)...[2K[1G[2K[1Gcomputing gzip size (0)...[2K[1Grendering chunks (1)...[2K[1Gtransforming (22) [2msrc/controllers/sheet-cell-image-autofill.controller.ts[22m[2K[1G[2K[1Gcomputing gzip size (1)...[2K[1G[2mlib/[22m[36mumd/facade.js  [39m[1m[2m23.80 kB[22m[1m[22m[2m │ gzip: 4.85 kB[22m
[32m✓ built in 29.87s[39m
[2K[1Gtransforming (32) [2msrc/controllers/render-controllers/sheet-drawing.render-cont[2K[1Gtransforming (32) [2msrc/controllers/render-controllers/sheet-drawing.render-cont[2K[1Grendering chunks (1)...[2K[1G[2K[1Gcomputing gzip size (0)...[2K[1Gcomputing gzip size (1)...[2K[1G[2mlib/[22m[36mcjs/facade.js  [39m[1m[2m23.20 kB[22m[1m[22m[2m │ gzip: 4.69 kB[22m
[32m✓ built in 29.99s[39m
[2K[1Gtransforming (40) [2msrc/controllers/shortcuts/drawing.shortcut.ts[22m[2K[1Gcomputing gzip size (0)...[2K[1Gtransforming (42) [2msrc/views/batch-save-images/BatchSaveImagesDialog.tsx[22m[2K[1Gtransforming (42) [2msrc/views/batch-save-images/BatchSaveImagesDialog.tsx[22m[2K[1G[32m✓[39m 44 modules transformed.
[2K[1Gcomputing gzip size (1)...[2K[1G[2mlib/[22m[36mes/facade.js  [39m[1m[2m47.91 kB[22m[1m[22m[2m │ gzip: 7.32 kB[22m
[32m✓ built in 30.39s[39m
[2K[1G[32m✓[39m 44 modules transformed.
[2K[1G










[1;1H[0J[32m✓[39m 44 modules transformed. [33m(x2)[39m
[2K[1Grendering chunks (1)...[2K[1G[2K[1Grendering chunks (1)...[2K[1Gcomputing gzip size (0)...[2K[1Gcomputing gzip size (1)...[2K[1Gcomputing gzip size (2)...[2K[1G[2mlib/[22m[35mindex.css     [39m[1m[2m  0.73 kB[22m[1m[22m[2m │ gzip:  0.31 kB[22m
[2mlib/[22m[36mcjs/index.js  [39m[1m[2m114.37 kB[22m[1m[22m[2m │ gzip: 27.29 kB[22m
[32m✓ built in 30.92s[39m
[2K[1Grendering chunks (1)...[2K[1G[2K[1G[2K[1Gcomputing gzip size (0)...[2K[1Gcomputing gzip size (1)...[2K[1Gcomputing gzip size (0)...[2K[1Gcomputing gzip size (2)...[2K[1G[2mlib/[22m[35mindex.css     [39m[1m[2m  0.73 kB[22m[1m[22m[2m │ gzip:  0.31 kB[22m
[2mlib/[22m[36mumd/index.js  [39m[1m[2m114.83 kB[22m[1m[22m[2m │ gzip: 27.50 kB[22m
[32m✓ built in 30.95s[39m
[2K[1Gcomputing gzip size (1)...[2K[1Gcomputing gzip size (2)...[2K[1G[2mlib/[22m[35mindex.css    [39m[1m[2m  0.73 kB[22m[1m[22m[2m │ gzip:  0.31 kB[22m
[2mlib/[22m[36mes/index.js  [39m[1m[2m151.26 kB[22m[1m[22m[2m │ gzip: 32.90 kB[22m
[32m✓ built in 30.95s[39m
[1G[0K⠙[1G[0K
